CRITICAL - 2020-07-12 10:21:55 --> Call to undefined function CodeIgniter\Database\MySQLi\mysqli_init()
#0 D:\Projetos\AppDepressao\Depressapp\system\Database\BaseConnection.php(377): CodeIgniter\Database\MySQLi\Connection->connect(true)
#1 D:\Projetos\AppDepressao\Depressapp\system\Database\BaseConnection.php(643): CodeIgniter\Database\BaseConnection->initialize()
#2 D:\Projetos\AppDepressao\Depressapp\system\Database\BaseBuilder.php(1845): CodeIgniter\Database\BaseConnection->query('SELECT *\nFROM `...', Array, false)
#3 D:\Projetos\AppDepressao\Depressapp\system\Model.php(489): CodeIgniter\Database\BaseBuilder->get()
#4 D:\Projetos\AppDepressao\Depressapp\app\Models\UserModel.php(19): CodeIgniter\Model->first()
#5 D:\Projetos\AppDepressao\Depressapp\app\Controllers\Account.php(25): App\Models\UserModel->RetornarUsuarioEmailSenha('admin@appdepres...', 'admin')
#6 D:\Projetos\AppDepressao\Depressapp\system\CodeIgniter.php(914): App\Controllers\Account->login()
#7 D:\Projetos\AppDepressao\Depressapp\system\CodeIgniter.php(400): CodeIgniter\CodeIgniter->runController(Object(App\Controllers\Account))
#8 D:\Projetos\AppDepressao\Depressapp\system\CodeIgniter.php(308): CodeIgniter\CodeIgniter->handleRequest(NULL, Object(Config\Cache), false)
#9 D:\Projetos\AppDepressao\Depressapp\public\index.php(45): CodeIgniter\CodeIgniter->run()
#10 {main}
CRITICAL - 2020-07-12 10:22:32 --> Call to undefined function CodeIgniter\Database\MySQLi\mysqli_init()
#0 D:\Projetos\AppDepressao\Depressapp\system\Database\BaseConnection.php(377): CodeIgniter\Database\MySQLi\Connection->connect(true)
#1 D:\Projetos\AppDepressao\Depressapp\system\Database\BaseConnection.php(643): CodeIgniter\Database\BaseConnection->initialize()
#2 D:\Projetos\AppDepressao\Depressapp\system\Database\BaseBuilder.php(1845): CodeIgniter\Database\BaseConnection->query('SELECT *\nFROM `...', Array, false)
#3 D:\Projetos\AppDepressao\Depressapp\system\Model.php(445): CodeIgniter\Database\BaseBuilder->get()
#4 D:\Projetos\AppDepressao\Depressapp\app\Models\MainQuestionsModel.php(19): CodeIgniter\Model->findAll()
#5 D:\Projetos\AppDepressao\Depressapp\app\Controllers\Perguntas.php(15): App\Models\MainQuestionsModel->getQuestion()
#6 D:\Projetos\AppDepressao\Depressapp\system\CodeIgniter.php(914): App\Controllers\Perguntas->CarregarLista()
#7 D:\Projetos\AppDepressao\Depressapp\system\CodeIgniter.php(400): CodeIgniter\CodeIgniter->runController(Object(App\Controllers\Perguntas))
#8 D:\Projetos\AppDepressao\Depressapp\system\CodeIgniter.php(308): CodeIgniter\CodeIgniter->handleRequest(NULL, Object(Config\Cache), false)
#9 D:\Projetos\AppDepressao\Depressapp\public\index.php(45): CodeIgniter\CodeIgniter->run()
#10 {main}
CRITICAL - 2020-07-12 10:22:40 --> Call to undefined function CodeIgniter\Database\MySQLi\mysqli_init()
#0 D:\Projetos\AppDepressao\Depressapp\system\Database\BaseConnection.php(377): CodeIgniter\Database\MySQLi\Connection->connect(true)
#1 D:\Projetos\AppDepressao\Depressapp\system\Database\BaseConnection.php(643): CodeIgniter\Database\BaseConnection->initialize()
#2 D:\Projetos\AppDepressao\Depressapp\system\Database\BaseBuilder.php(1845): CodeIgniter\Database\BaseConnection->query('SELECT *\nFROM `...', Array, false)
#3 D:\Projetos\AppDepressao\Depressapp\system\Model.php(445): CodeIgniter\Database\BaseBuilder->get()
#4 D:\Projetos\AppDepressao\Depressapp\app\Models\MainQuestionsModel.php(19): CodeIgniter\Model->findAll()
#5 D:\Projetos\AppDepressao\Depressapp\app\Controllers\Perguntas.php(15): App\Models\MainQuestionsModel->getQuestion()
#6 D:\Projetos\AppDepressao\Depressapp\system\CodeIgniter.php(914): App\Controllers\Perguntas->CarregarLista()
#7 D:\Projetos\AppDepressao\Depressapp\system\CodeIgniter.php(400): CodeIgniter\CodeIgniter->runController(Object(App\Controllers\Perguntas))
#8 D:\Projetos\AppDepressao\Depressapp\system\CodeIgniter.php(308): CodeIgniter\CodeIgniter->handleRequest(NULL, Object(Config\Cache), false)
#9 D:\Projetos\AppDepressao\Depressapp\public\index.php(45): CodeIgniter\CodeIgniter->run()
#10 {main}
CRITICAL - 2020-07-12 10:25:34 --> Call to undefined function CodeIgniter\Database\MySQLi\mysqli_init()
#0 D:\Projetos\AppDepressao\Depressapp\system\Database\BaseConnection.php(377): CodeIgniter\Database\MySQLi\Connection->connect(true)
#1 D:\Projetos\AppDepressao\Depressapp\system\Database\BaseConnection.php(643): CodeIgniter\Database\BaseConnection->initialize()
#2 D:\Projetos\AppDepressao\Depressapp\system\Database\BaseBuilder.php(1845): CodeIgniter\Database\BaseConnection->query('SELECT *\nFROM `...', Array, false)
#3 D:\Projetos\AppDepressao\Depressapp\system\Model.php(445): CodeIgniter\Database\BaseBuilder->get()
#4 D:\Projetos\AppDepressao\Depressapp\app\Models\MainQuestionsModel.php(19): CodeIgniter\Model->findAll()
#5 D:\Projetos\AppDepressao\Depressapp\app\Controllers\Perguntas.php(15): App\Models\MainQuestionsModel->getQuestion()
#6 D:\Projetos\AppDepressao\Depressapp\system\CodeIgniter.php(914): App\Controllers\Perguntas->CarregarLista()
#7 D:\Projetos\AppDepressao\Depressapp\system\CodeIgniter.php(400): CodeIgniter\CodeIgniter->runController(Object(App\Controllers\Perguntas))
#8 D:\Projetos\AppDepressao\Depressapp\system\CodeIgniter.php(308): CodeIgniter\CodeIgniter->handleRequest(NULL, Object(Config\Cache), false)
#9 D:\Projetos\AppDepressao\Depressapp\public\index.php(45): CodeIgniter\CodeIgniter->run()
#10 {main}
CRITICAL - 2020-07-12 10:25:37 --> Call to undefined function CodeIgniter\Database\MySQLi\mysqli_init()
#0 D:\Projetos\AppDepressao\Depressapp\system\Database\BaseConnection.php(377): CodeIgniter\Database\MySQLi\Connection->connect(true)
#1 D:\Projetos\AppDepressao\Depressapp\system\Database\BaseConnection.php(643): CodeIgniter\Database\BaseConnection->initialize()
#2 D:\Projetos\AppDepressao\Depressapp\system\Database\BaseBuilder.php(1845): CodeIgniter\Database\BaseConnection->query('SELECT *\nFROM `...', Array, false)
#3 D:\Projetos\AppDepressao\Depressapp\system\Model.php(445): CodeIgniter\Database\BaseBuilder->get()
#4 D:\Projetos\AppDepressao\Depressapp\app\Models\MainQuestionsModel.php(19): CodeIgniter\Model->findAll()
#5 D:\Projetos\AppDepressao\Depressapp\app\Controllers\Perguntas.php(15): App\Models\MainQuestionsModel->getQuestion()
#6 D:\Projetos\AppDepressao\Depressapp\system\CodeIgniter.php(914): App\Controllers\Perguntas->CarregarLista()
#7 D:\Projetos\AppDepressao\Depressapp\system\CodeIgniter.php(400): CodeIgniter\CodeIgniter->runController(Object(App\Controllers\Perguntas))
#8 D:\Projetos\AppDepressao\Depressapp\system\CodeIgniter.php(308): CodeIgniter\CodeIgniter->handleRequest(NULL, Object(Config\Cache), false)
#9 D:\Projetos\AppDepressao\Depressapp\public\index.php(45): CodeIgniter\CodeIgniter->run()
#10 {main}
CRITICAL - 2020-07-12 11:32:14 --> Call to undefined function CodeIgniter\Database\MySQLi\mysqli_init()
#0 D:\Projetos\AppDepressao\Depressapp\system\Database\BaseConnection.php(377): CodeIgniter\Database\MySQLi\Connection->connect(true)
#1 D:\Projetos\AppDepressao\Depressapp\system\Database\BaseConnection.php(643): CodeIgniter\Database\BaseConnection->initialize()
#2 D:\Projetos\AppDepressao\Depressapp\system\Database\BaseBuilder.php(1845): CodeIgniter\Database\BaseConnection->query('SELECT *\nFROM `...', Array, false)
#3 D:\Projetos\AppDepressao\Depressapp\system\Model.php(489): CodeIgniter\Database\BaseBuilder->get()
#4 D:\Projetos\AppDepressao\Depressapp\app\Models\UserModel.php(19): CodeIgniter\Model->first()
#5 D:\Projetos\AppDepressao\Depressapp\app\Controllers\Account.php(25): App\Models\UserModel->RetornarUsuarioEmailSenha('admin@appdepres...', 'admin')
#6 D:\Projetos\AppDepressao\Depressapp\system\CodeIgniter.php(914): App\Controllers\Account->login()
#7 D:\Projetos\AppDepressao\Depressapp\system\CodeIgniter.php(400): CodeIgniter\CodeIgniter->runController(Object(App\Controllers\Account))
#8 D:\Projetos\AppDepressao\Depressapp\system\CodeIgniter.php(308): CodeIgniter\CodeIgniter->handleRequest(NULL, Object(Config\Cache), false)
#9 D:\Projetos\AppDepressao\Depressapp\public\index.php(45): CodeIgniter\CodeIgniter->run()
#10 {main}
CRITICAL - 2020-07-12 11:35:36 --> Call to undefined function CodeIgniter\Database\MySQLi\mysqli_init()
#0 D:\Projetos\AppDepressao\Depressapp\system\Database\BaseConnection.php(377): CodeIgniter\Database\MySQLi\Connection->connect(true)
#1 D:\Projetos\AppDepressao\Depressapp\system\Database\BaseConnection.php(643): CodeIgniter\Database\BaseConnection->initialize()
#2 D:\Projetos\AppDepressao\Depressapp\system\Database\BaseBuilder.php(1845): CodeIgniter\Database\BaseConnection->query('SELECT *\nFROM `...', Array, false)
#3 D:\Projetos\AppDepressao\Depressapp\system\Model.php(489): CodeIgniter\Database\BaseBuilder->get()
#4 D:\Projetos\AppDepressao\Depressapp\app\Models\UserModel.php(19): CodeIgniter\Model->first()
#5 D:\Projetos\AppDepressao\Depressapp\app\Controllers\Account.php(25): App\Models\UserModel->RetornarUsuarioEmailSenha('admin@appdepres...', 'admin')
#6 D:\Projetos\AppDepressao\Depressapp\system\CodeIgniter.php(914): App\Controllers\Account->login()
#7 D:\Projetos\AppDepressao\Depressapp\system\CodeIgniter.php(400): CodeIgniter\CodeIgniter->runController(Object(App\Controllers\Account))
#8 D:\Projetos\AppDepressao\Depressapp\system\CodeIgniter.php(308): CodeIgniter\CodeIgniter->handleRequest(NULL, Object(Config\Cache), false)
#9 D:\Projetos\AppDepressao\Depressapp\public\index.php(45): CodeIgniter\CodeIgniter->run()
#10 {main}
CRITICAL - 2020-07-12 11:38:58 --> Call to undefined function CodeIgniter\Database\MySQLi\mysqli_init()
#0 D:\Projetos\AppDepressao\Depressapp\system\Database\BaseConnection.php(377): CodeIgniter\Database\MySQLi\Connection->connect(true)
#1 D:\Projetos\AppDepressao\Depressapp\system\Database\BaseConnection.php(643): CodeIgniter\Database\BaseConnection->initialize()
#2 D:\Projetos\AppDepressao\Depressapp\system\Database\BaseBuilder.php(1845): CodeIgniter\Database\BaseConnection->query('SELECT *\nFROM `...', Array, false)
#3 D:\Projetos\AppDepressao\Depressapp\system\Model.php(489): CodeIgniter\Database\BaseBuilder->get()
#4 D:\Projetos\AppDepressao\Depressapp\app\Models\UserModel.php(19): CodeIgniter\Model->first()
#5 D:\Projetos\AppDepressao\Depressapp\app\Controllers\Account.php(25): App\Models\UserModel->RetornarUsuarioEmailSenha('dmin@appdepress...', 'admin')
#6 D:\Projetos\AppDepressao\Depressapp\system\CodeIgniter.php(914): App\Controllers\Account->login()
#7 D:\Projetos\AppDepressao\Depressapp\system\CodeIgniter.php(400): CodeIgniter\CodeIgniter->runController(Object(App\Controllers\Account))
#8 D:\Projetos\AppDepressao\Depressapp\system\CodeIgniter.php(308): CodeIgniter\CodeIgniter->handleRequest(NULL, Object(Config\Cache), false)
#9 D:\Projetos\AppDepressao\Depressapp\public\index.php(45): CodeIgniter\CodeIgniter->run()
#10 {main}
CRITICAL - 2020-07-12 12:08:28 --> MySQL server has gone away
#0 /media/gabriel/Dados/Projetos/AppDepressao/Depressapp/system/Database/MySQLi/Connection.php(331): mysqli->query()
#1 /media/gabriel/Dados/Projetos/AppDepressao/Depressapp/system/Database/BaseConnection.php(738): CodeIgniter\Database\MySQLi\Connection->execute()
#2 /media/gabriel/Dados/Projetos/AppDepressao/Depressapp/system/Database/BaseConnection.php(666): CodeIgniter\Database\BaseConnection->simpleQuery()
#3 /media/gabriel/Dados/Projetos/AppDepressao/Depressapp/system/Database/BaseBuilder.php(1845): CodeIgniter\Database\BaseConnection->query()
#4 /media/gabriel/Dados/Projetos/AppDepressao/Depressapp/system/Model.php(445): CodeIgniter\Database\BaseBuilder->get()
#5 /media/gabriel/Dados/Projetos/AppDepressao/Depressapp/app/Controllers/Questionario.php(162): CodeIgniter\Model->findAll()
#6 /media/gabriel/Dados/Projetos/AppDepressao/Depressapp/system/CodeIgniter.php(914): App\Controllers\Questionario->loadPergunta()
#7 /media/gabriel/Dados/Projetos/AppDepressao/Depressapp/system/CodeIgniter.php(400): CodeIgniter\CodeIgniter->runController()
#8 /media/gabriel/Dados/Projetos/AppDepressao/Depressapp/system/CodeIgniter.php(308): CodeIgniter\CodeIgniter->handleRequest()
#9 /media/gabriel/Dados/Projetos/AppDepressao/Depressapp/public/index.php(45): CodeIgniter\CodeIgniter->run()
#10 {main}
CRITICAL - 2020-07-12 12:10:35 --> mysqli::set_charset(): Error executing query
#0 /media/gabriel/Dados/Projetos/AppDepressao/Depressapp/system/Database/BaseConnection.php(377): CodeIgniter\Database\MySQLi\Connection->connect()
#1 /media/gabriel/Dados/Projetos/AppDepressao/Depressapp/system/Database/BaseConnection.php(643): CodeIgniter\Database\BaseConnection->initialize()
#2 /media/gabriel/Dados/Projetos/AppDepressao/Depressapp/system/Database/BaseBuilder.php(1845): CodeIgniter\Database\BaseConnection->query()
#3 /media/gabriel/Dados/Projetos/AppDepressao/Depressapp/system/Model.php(445): CodeIgniter\Database\BaseBuilder->get()
#4 /media/gabriel/Dados/Projetos/AppDepressao/Depressapp/app/Controllers/Analise.php(25): CodeIgniter\Model->findAll()
#5 /media/gabriel/Dados/Projetos/AppDepressao/Depressapp/system/CodeIgniter.php(914): App\Controllers\Analise->View()
#6 /media/gabriel/Dados/Projetos/AppDepressao/Depressapp/system/CodeIgniter.php(400): CodeIgniter\CodeIgniter->runController()
#7 /media/gabriel/Dados/Projetos/AppDepressao/Depressapp/system/CodeIgniter.php(308): CodeIgniter\CodeIgniter->handleRequest()
#8 /media/gabriel/Dados/Projetos/AppDepressao/Depressapp/public/index.php(45): CodeIgniter\CodeIgniter->run()
#9 {main}
CRITICAL - 2020-07-12 17:21:34 --> Undefined variable: config
#0 C:\xampp\htdocs\AppDepressao\Depressapp\app\Controllers\Account.php(28): CodeIgniter\Debug\Exceptions->errorHandler(8, 'Undefined varia...', 'C:\\xampp\\htdocs...', 28, Array)
#1 C:\xampp\htdocs\AppDepressao\Depressapp\system\CodeIgniter.php(914): App\Controllers\Account->login()
#2 C:\xampp\htdocs\AppDepressao\Depressapp\system\CodeIgniter.php(400): CodeIgniter\CodeIgniter->runController(Object(App\Controllers\Account))
#3 C:\xampp\htdocs\AppDepressao\Depressapp\system\CodeIgniter.php(308): CodeIgniter\CodeIgniter->handleRequest(NULL, Object(Config\Cache), false)
#4 C:\xampp\htdocs\AppDepressao\Depressapp\public\index.php(45): CodeIgniter\CodeIgniter->run()
#5 {main}
CRITICAL - 2020-07-12 17:28:57 --> Undefined variable: _SESSION
#0 C:\xampp\htdocs\AppDepressao\Depressapp\app\Views\Home\index.php(15): CodeIgniter\Debug\Exceptions->errorHandler(8, 'Undefined varia...', 'C:\\xampp\\htdocs...', 15, Array)
#1 C:\xampp\htdocs\AppDepressao\Depressapp\system\View\View.php(246): include('C:\\xampp\\htdocs...')
#2 C:\xampp\htdocs\AppDepressao\Depressapp\system\Common.php(1087): CodeIgniter\View\View->render('Home/index', Array, true)
#3 C:\xampp\htdocs\AppDepressao\Depressapp\app\Controllers\Home.php(9): view('Home/index')
#4 C:\xampp\htdocs\AppDepressao\Depressapp\system\CodeIgniter.php(914): App\Controllers\Home->index()
#5 C:\xampp\htdocs\AppDepressao\Depressapp\system\CodeIgniter.php(400): CodeIgniter\CodeIgniter->runController(Object(App\Controllers\Home))
#6 C:\xampp\htdocs\AppDepressao\Depressapp\system\CodeIgniter.php(308): CodeIgniter\CodeIgniter->handleRequest(NULL, Object(Config\Cache), false)
#7 C:\xampp\htdocs\AppDepressao\Depressapp\public\index.php(45): CodeIgniter\CodeIgniter->run()
#8 {main}
CRITICAL - 2020-07-12 17:29:05 --> Undefined variable: _SESSION
#0 C:\xampp\htdocs\AppDepressao\Depressapp\app\Views\Home\index.php(15): CodeIgniter\Debug\Exceptions->errorHandler(8, 'Undefined varia...', 'C:\\xampp\\htdocs...', 15, Array)
#1 C:\xampp\htdocs\AppDepressao\Depressapp\system\View\View.php(246): include('C:\\xampp\\htdocs...')
#2 C:\xampp\htdocs\AppDepressao\Depressapp\system\Common.php(1087): CodeIgniter\View\View->render('Home/index', Array, true)
#3 C:\xampp\htdocs\AppDepressao\Depressapp\app\Controllers\Home.php(9): view('Home/index')
#4 C:\xampp\htdocs\AppDepressao\Depressapp\system\CodeIgniter.php(914): App\Controllers\Home->index()
#5 C:\xampp\htdocs\AppDepressao\Depressapp\system\CodeIgniter.php(400): CodeIgniter\CodeIgniter->runController(Object(App\Controllers\Home))
#6 C:\xampp\htdocs\AppDepressao\Depressapp\system\CodeIgniter.php(308): CodeIgniter\CodeIgniter->handleRequest(NULL, Object(Config\Cache), false)
#7 C:\xampp\htdocs\AppDepressao\Depressapp\public\index.php(45): CodeIgniter\CodeIgniter->run()
#8 {main}
CRITICAL - 2020-07-12 18:08:50 --> Call to undefined method App\Models\QuestionHistoryModel::getLastRow
#0 C:\xampp\htdocs\AppDepressao\Depressapp\app\Models\QuestionHistoryModel.php(14): CodeIgniter\Model->__call('getLastRow', Array)
#1 C:\xampp\htdocs\AppDepressao\Depressapp\app\Views\_Layout.php(43): App\Models\QuestionHistoryModel->getLastAnswerData(NULL)
#2 C:\xampp\htdocs\AppDepressao\Depressapp\system\View\View.php(246): include('C:\\xampp\\htdocs...')
#3 C:\xampp\htdocs\AppDepressao\Depressapp\system\View\View.php(257): CodeIgniter\View\View->render('_Layout', Array, true)
#4 C:\xampp\htdocs\AppDepressao\Depressapp\system\Common.php(1087): CodeIgniter\View\View->render('Home/index', Array, true)
#5 C:\xampp\htdocs\AppDepressao\Depressapp\app\Controllers\Home.php(9): view('Home/index')
#6 C:\xampp\htdocs\AppDepressao\Depressapp\system\CodeIgniter.php(914): App\Controllers\Home->index()
#7 C:\xampp\htdocs\AppDepressao\Depressapp\system\CodeIgniter.php(400): CodeIgniter\CodeIgniter->runController(Object(App\Controllers\Home))
#8 C:\xampp\htdocs\AppDepressao\Depressapp\system\CodeIgniter.php(308): CodeIgniter\CodeIgniter->handleRequest(NULL, Object(Config\Cache), false)
#9 C:\xampp\htdocs\AppDepressao\Depressapp\public\index.php(45): CodeIgniter\CodeIgniter->run()
#10 {main}
CRITICAL - 2020-07-12 18:09:10 --> Call to undefined method App\Models\QuestionHistoryModel::last
#0 C:\xampp\htdocs\AppDepressao\Depressapp\app\Models\QuestionHistoryModel.php(15): CodeIgniter\Model->__call('last', Array)
#1 C:\xampp\htdocs\AppDepressao\Depressapp\app\Views\_Layout.php(43): App\Models\QuestionHistoryModel->getLastAnswerData(NULL)
#2 C:\xampp\htdocs\AppDepressao\Depressapp\system\View\View.php(246): include('C:\\xampp\\htdocs...')
#3 C:\xampp\htdocs\AppDepressao\Depressapp\system\View\View.php(257): CodeIgniter\View\View->render('_Layout', Array, true)
#4 C:\xampp\htdocs\AppDepressao\Depressapp\system\Common.php(1087): CodeIgniter\View\View->render('Home/index', Array, true)
#5 C:\xampp\htdocs\AppDepressao\Depressapp\app\Controllers\Home.php(9): view('Home/index')
#6 C:\xampp\htdocs\AppDepressao\Depressapp\system\CodeIgniter.php(914): App\Controllers\Home->index()
#7 C:\xampp\htdocs\AppDepressao\Depressapp\system\CodeIgniter.php(400): CodeIgniter\CodeIgniter->runController(Object(App\Controllers\Home))
#8 C:\xampp\htdocs\AppDepressao\Depressapp\system\CodeIgniter.php(308): CodeIgniter\CodeIgniter->handleRequest(NULL, Object(Config\Cache), false)
#9 C:\xampp\htdocs\AppDepressao\Depressapp\public\index.php(45): CodeIgniter\CodeIgniter->run()
#10 {main}
CRITICAL - 2020-07-12 18:10:56 --> Call to undefined method App\Models\QuestionHistoryModel::order_by
#0 C:\xampp\htdocs\AppDepressao\Depressapp\app\Models\QuestionHistoryModel.php(15): CodeIgniter\Model->__call('order_by', Array)
#1 C:\xampp\htdocs\AppDepressao\Depressapp\app\Views\_Layout.php(43): App\Models\QuestionHistoryModel->getLastAnswerData(NULL)
#2 C:\xampp\htdocs\AppDepressao\Depressapp\system\View\View.php(246): include('C:\\xampp\\htdocs...')
#3 C:\xampp\htdocs\AppDepressao\Depressapp\system\View\View.php(257): CodeIgniter\View\View->render('_Layout', Array, true)
#4 C:\xampp\htdocs\AppDepressao\Depressapp\system\Common.php(1087): CodeIgniter\View\View->render('Home/index', Array, true)
#5 C:\xampp\htdocs\AppDepressao\Depressapp\app\Controllers\Home.php(9): view('Home/index')
#6 C:\xampp\htdocs\AppDepressao\Depressapp\system\CodeIgniter.php(914): App\Controllers\Home->index()
#7 C:\xampp\htdocs\AppDepressao\Depressapp\system\CodeIgniter.php(400): CodeIgniter\CodeIgniter->runController(Object(App\Controllers\Home))
#8 C:\xampp\htdocs\AppDepressao\Depressapp\system\CodeIgniter.php(308): CodeIgniter\CodeIgniter->handleRequest(NULL, Object(Config\Cache), false)
#9 C:\xampp\htdocs\AppDepressao\Depressapp\public\index.php(45): CodeIgniter\CodeIgniter->run()
#10 {main}
CRITICAL - 2020-07-12 18:12:13 --> Call to undefined method App\Models\QuestionHistoryModel::row
#0 C:\xampp\htdocs\AppDepressao\Depressapp\app\Models\QuestionHistoryModel.php(15): CodeIgniter\Model->__call('row', Array)
#1 C:\xampp\htdocs\AppDepressao\Depressapp\app\Views\_Layout.php(43): App\Models\QuestionHistoryModel->getLastAnswerData(NULL)
#2 C:\xampp\htdocs\AppDepressao\Depressapp\system\View\View.php(246): include('C:\\xampp\\htdocs...')
#3 C:\xampp\htdocs\AppDepressao\Depressapp\system\View\View.php(257): CodeIgniter\View\View->render('_Layout', Array, true)
#4 C:\xampp\htdocs\AppDepressao\Depressapp\system\Common.php(1087): CodeIgniter\View\View->render('Home/index', Array, true)
#5 C:\xampp\htdocs\AppDepressao\Depressapp\app\Controllers\Home.php(9): view('Home/index')
#6 C:\xampp\htdocs\AppDepressao\Depressapp\system\CodeIgniter.php(914): App\Controllers\Home->index()
#7 C:\xampp\htdocs\AppDepressao\Depressapp\system\CodeIgniter.php(400): CodeIgniter\CodeIgniter->runController(Object(App\Controllers\Home))
#8 C:\xampp\htdocs\AppDepressao\Depressapp\system\CodeIgniter.php(308): CodeIgniter\CodeIgniter->handleRequest(NULL, Object(Config\Cache), false)
#9 C:\xampp\htdocs\AppDepressao\Depressapp\public\index.php(45): CodeIgniter\CodeIgniter->run()
#10 {main}
CRITICAL - 2020-07-12 18:13:41 --> Call to undefined method App\Models\QuestionHistoryModel::getRow
#0 C:\xampp\htdocs\AppDepressao\Depressapp\app\Models\QuestionHistoryModel.php(15): CodeIgniter\Model->__call('getRow', Array)
#1 C:\xampp\htdocs\AppDepressao\Depressapp\app\Views\_Layout.php(43): App\Models\QuestionHistoryModel->getLastAnswerData(NULL)
#2 C:\xampp\htdocs\AppDepressao\Depressapp\system\View\View.php(246): include('C:\\xampp\\htdocs...')
#3 C:\xampp\htdocs\AppDepressao\Depressapp\system\View\View.php(257): CodeIgniter\View\View->render('_Layout', Array, true)
#4 C:\xampp\htdocs\AppDepressao\Depressapp\system\Common.php(1087): CodeIgniter\View\View->render('Home/index', Array, true)
#5 C:\xampp\htdocs\AppDepressao\Depressapp\app\Controllers\Home.php(9): view('Home/index')
#6 C:\xampp\htdocs\AppDepressao\Depressapp\system\CodeIgniter.php(914): App\Controllers\Home->index()
#7 C:\xampp\htdocs\AppDepressao\Depressapp\system\CodeIgniter.php(400): CodeIgniter\CodeIgniter->runController(Object(App\Controllers\Home))
#8 C:\xampp\htdocs\AppDepressao\Depressapp\system\CodeIgniter.php(308): CodeIgniter\CodeIgniter->handleRequest(NULL, Object(Config\Cache), false)
#9 C:\xampp\htdocs\AppDepressao\Depressapp\public\index.php(45): CodeIgniter\CodeIgniter->run()
#10 {main}
CRITICAL - 2020-07-12 18:15:13 --> Trying to get property 'reply_date' of non-object
#0 C:\xampp\htdocs\AppDepressao\Depressapp\app\Views\_Layout.php(45): CodeIgniter\Debug\Exceptions->errorHandler(8, 'Trying to get p...', 'C:\\xampp\\htdocs...', 45, Array)
#1 C:\xampp\htdocs\AppDepressao\Depressapp\system\View\View.php(246): include('C:\\xampp\\htdocs...')
#2 C:\xampp\htdocs\AppDepressao\Depressapp\system\View\View.php(257): CodeIgniter\View\View->render('_Layout', Array, true)
#3 C:\xampp\htdocs\AppDepressao\Depressapp\system\Common.php(1087): CodeIgniter\View\View->render('Home/index', Array, true)
#4 C:\xampp\htdocs\AppDepressao\Depressapp\app\Controllers\Home.php(9): view('Home/index')
#5 C:\xampp\htdocs\AppDepressao\Depressapp\system\CodeIgniter.php(914): App\Controllers\Home->index()
#6 C:\xampp\htdocs\AppDepressao\Depressapp\system\CodeIgniter.php(400): CodeIgniter\CodeIgniter->runController(Object(App\Controllers\Home))
#7 C:\xampp\htdocs\AppDepressao\Depressapp\system\CodeIgniter.php(308): CodeIgniter\CodeIgniter->handleRequest(NULL, Object(Config\Cache), false)
#8 C:\xampp\htdocs\AppDepressao\Depressapp\public\index.php(45): CodeIgniter\CodeIgniter->run()
#9 {main}
CRITICAL - 2020-07-12 18:49:56 --> syntax error, unexpected '}', expecting ';'
#0 C:\xampp\htdocs\AppDepressao\Depressapp\system\Router\Router.php(192): CodeIgniter\Router\Router->autoRoute('Account/logout')
#1 C:\xampp\htdocs\AppDepressao\Depressapp\system\CodeIgniter.php(789): CodeIgniter\Router\Router->handle('Account/logout')
#2 C:\xampp\htdocs\AppDepressao\Depressapp\system\CodeIgniter.php(360): CodeIgniter\CodeIgniter->tryToRouteIt(Object(CodeIgniter\Router\RouteCollection))
#3 C:\xampp\htdocs\AppDepressao\Depressapp\system\CodeIgniter.php(308): CodeIgniter\CodeIgniter->handleRequest(NULL, Object(Config\Cache), false)
#4 C:\xampp\htdocs\AppDepressao\Depressapp\public\index.php(45): CodeIgniter\CodeIgniter->run()
#5 {main}
CRITICAL - 2020-07-12 18:50:06 --> session_destroy(): Trying to destroy uninitialized session
#0 [internal function]: CodeIgniter\Debug\Exceptions->errorHandler(2, 'session_destroy...', 'C:\\xampp\\htdocs...', 40, Array)
#1 C:\xampp\htdocs\AppDepressao\Depressapp\app\Controllers\Account.php(40): session_destroy()
#2 C:\xampp\htdocs\AppDepressao\Depressapp\system\CodeIgniter.php(914): App\Controllers\Account->logout()
#3 C:\xampp\htdocs\AppDepressao\Depressapp\system\CodeIgniter.php(400): CodeIgniter\CodeIgniter->runController(Object(App\Controllers\Account))
#4 C:\xampp\htdocs\AppDepressao\Depressapp\system\CodeIgniter.php(308): CodeIgniter\CodeIgniter->handleRequest(NULL, Object(Config\Cache), false)
#5 C:\xampp\htdocs\AppDepressao\Depressapp\public\index.php(45): CodeIgniter\CodeIgniter->run()
#6 {main}
CRITICAL - 2020-07-12 18:59:18 --> session_destroy(): Trying to destroy uninitialized session
#0 [internal function]: CodeIgniter\Debug\Exceptions->errorHandler(2, 'session_destroy...', 'C:\\xampp\\htdocs...', 40, Array)
#1 C:\xampp\htdocs\AppDepressao\Depressapp\app\Controllers\Account.php(40): session_destroy()
#2 C:\xampp\htdocs\AppDepressao\Depressapp\system\CodeIgniter.php(914): App\Controllers\Account->logout()
#3 C:\xampp\htdocs\AppDepressao\Depressapp\system\CodeIgniter.php(400): CodeIgniter\CodeIgniter->runController(Object(App\Controllers\Account))
#4 C:\xampp\htdocs\AppDepressao\Depressapp\system\CodeIgniter.php(308): CodeIgniter\CodeIgniter->handleRequest(NULL, Object(Config\Cache), false)
#5 C:\xampp\htdocs\AppDepressao\Depressapp\public\index.php(45): CodeIgniter\CodeIgniter->run()
#6 {main}
CRITICAL - 2020-07-12 19:00:08 --> Trying to get property 'reply_date' of non-object
#0 C:\xampp\htdocs\AppDepressao\Depressapp\app\Views\_Layout.php(45): CodeIgniter\Debug\Exceptions->errorHandler(8, 'Trying to get p...', 'C:\\xampp\\htdocs...', 45, Array)
#1 C:\xampp\htdocs\AppDepressao\Depressapp\system\View\View.php(246): include('C:\\xampp\\htdocs...')
#2 C:\xampp\htdocs\AppDepressao\Depressapp\system\View\View.php(257): CodeIgniter\View\View->render('_Layout', Array, true)
#3 C:\xampp\htdocs\AppDepressao\Depressapp\system\Common.php(1087): CodeIgniter\View\View->render('Home/index', Array, true)
#4 C:\xampp\htdocs\AppDepressao\Depressapp\app\Controllers\Home.php(18): view('Home/index')
#5 C:\xampp\htdocs\AppDepressao\Depressapp\system\CodeIgniter.php(914): App\Controllers\Home->index()
#6 C:\xampp\htdocs\AppDepressao\Depressapp\system\CodeIgniter.php(400): CodeIgniter\CodeIgniter->runController(Object(App\Controllers\Home))
#7 C:\xampp\htdocs\AppDepressao\Depressapp\system\CodeIgniter.php(308): CodeIgniter\CodeIgniter->handleRequest(NULL, Object(Config\Cache), false)
#8 C:\xampp\htdocs\AppDepressao\Depressapp\public\index.php(45): CodeIgniter\CodeIgniter->run()
#9 {main}
CRITICAL - 2020-07-12 19:01:04 --> Cannot call constructor
#0 C:\xampp\htdocs\AppDepressao\Depressapp\system\CodeIgniter.php(886): App\Controllers\Home->__construct()
#1 C:\xampp\htdocs\AppDepressao\Depressapp\system\CodeIgniter.php(395): CodeIgniter\CodeIgniter->createController()
#2 C:\xampp\htdocs\AppDepressao\Depressapp\system\CodeIgniter.php(308): CodeIgniter\CodeIgniter->handleRequest(NULL, Object(Config\Cache), false)
#3 C:\xampp\htdocs\AppDepressao\Depressapp\public\index.php(45): CodeIgniter\CodeIgniter->run()
#4 {main}
CRITICAL - 2020-07-12 19:02:23 --> Trying to get property 'reply_date' of non-object
#0 C:\xampp\htdocs\AppDepressao\Depressapp\app\Views\_Layout.php(45): CodeIgniter\Debug\Exceptions->errorHandler(8, 'Trying to get p...', 'C:\\xampp\\htdocs...', 45, Array)
#1 C:\xampp\htdocs\AppDepressao\Depressapp\system\View\View.php(246): include('C:\\xampp\\htdocs...')
#2 C:\xampp\htdocs\AppDepressao\Depressapp\system\View\View.php(257): CodeIgniter\View\View->render('_Layout', Array, true)
#3 C:\xampp\htdocs\AppDepressao\Depressapp\system\Common.php(1087): CodeIgniter\View\View->render('Home/index', Array, true)
#4 C:\xampp\htdocs\AppDepressao\Depressapp\app\Controllers\Home.php(19): view('Home/index')
#5 C:\xampp\htdocs\AppDepressao\Depressapp\system\CodeIgniter.php(914): App\Controllers\Home->index()
#6 C:\xampp\htdocs\AppDepressao\Depressapp\system\CodeIgniter.php(400): CodeIgniter\CodeIgniter->runController(Object(App\Controllers\Home))
#7 C:\xampp\htdocs\AppDepressao\Depressapp\system\CodeIgniter.php(308): CodeIgniter\CodeIgniter->handleRequest(NULL, Object(Config\Cache), false)
#8 C:\xampp\htdocs\AppDepressao\Depressapp\public\index.php(45): CodeIgniter\CodeIgniter->run()
#9 {main}
CRITICAL - 2020-07-12 19:03:51 --> Trying to get property 'reply_date' of non-object
#0 C:\xampp\htdocs\AppDepressao\Depressapp\app\Views\_Layout.php(45): CodeIgniter\Debug\Exceptions->errorHandler(8, 'Trying to get p...', 'C:\\xampp\\htdocs...', 45, Array)
#1 C:\xampp\htdocs\AppDepressao\Depressapp\system\View\View.php(246): include('C:\\xampp\\htdocs...')
#2 C:\xampp\htdocs\AppDepressao\Depressapp\system\View\View.php(257): CodeIgniter\View\View->render('_Layout', Array, true)
#3 C:\xampp\htdocs\AppDepressao\Depressapp\system\Common.php(1087): CodeIgniter\View\View->render('Home/index', Array, true)
#4 C:\xampp\htdocs\AppDepressao\Depressapp\app\Controllers\Home.php(20): view('Home/index')
#5 C:\xampp\htdocs\AppDepressao\Depressapp\system\CodeIgniter.php(914): App\Controllers\Home->index()
#6 C:\xampp\htdocs\AppDepressao\Depressapp\system\CodeIgniter.php(400): CodeIgniter\CodeIgniter->runController(Object(App\Controllers\Home))
#7 C:\xampp\htdocs\AppDepressao\Depressapp\system\CodeIgniter.php(308): CodeIgniter\CodeIgniter->handleRequest(NULL, Object(Config\Cache), false)
#8 C:\xampp\htdocs\AppDepressao\Depressapp\public\index.php(45): CodeIgniter\CodeIgniter->run()
#9 {main}
CRITICAL - 2020-07-12 19:06:11 --> Undefined variable: session
#0 C:\xampp\htdocs\AppDepressao\Depressapp\app\Controllers\Home.php(14): CodeIgniter\Debug\Exceptions->errorHandler(8, 'Undefined varia...', 'C:\\xampp\\htdocs...', 14, Array)
#1 C:\xampp\htdocs\AppDepressao\Depressapp\system\CodeIgniter.php(914): App\Controllers\Home->index()
#2 C:\xampp\htdocs\AppDepressao\Depressapp\system\CodeIgniter.php(400): CodeIgniter\CodeIgniter->runController(Object(App\Controllers\Home))
#3 C:\xampp\htdocs\AppDepressao\Depressapp\system\CodeIgniter.php(308): CodeIgniter\CodeIgniter->handleRequest(NULL, Object(Config\Cache), false)
#4 C:\xampp\htdocs\AppDepressao\Depressapp\public\index.php(45): CodeIgniter\CodeIgniter->run()
#5 {main}
CRITICAL - 2020-07-12 19:58:20 --> Class 'App\Controllers\Models\ConsetFormModel' not found
#0 C:\xampp\htdocs\AppDepressao\Depressapp\system\CodeIgniter.php(914): App\Controllers\Admin->editar_termo()
#1 C:\xampp\htdocs\AppDepressao\Depressapp\system\CodeIgniter.php(400): CodeIgniter\CodeIgniter->runController(Object(App\Controllers\Admin))
#2 C:\xampp\htdocs\AppDepressao\Depressapp\system\CodeIgniter.php(308): CodeIgniter\CodeIgniter->handleRequest(NULL, Object(Config\Cache), false)
#3 C:\xampp\htdocs\AppDepressao\Depressapp\public\index.php(45): CodeIgniter\CodeIgniter->run()
#4 {main}
CRITICAL - 2020-07-12 19:58:29 --> Class 'App\Controllers\Models\ConsentFormModel' not found
#0 C:\xampp\htdocs\AppDepressao\Depressapp\system\CodeIgniter.php(914): App\Controllers\Admin->editar_termo()
#1 C:\xampp\htdocs\AppDepressao\Depressapp\system\CodeIgniter.php(400): CodeIgniter\CodeIgniter->runController(Object(App\Controllers\Admin))
#2 C:\xampp\htdocs\AppDepressao\Depressapp\system\CodeIgniter.php(308): CodeIgniter\CodeIgniter->handleRequest(NULL, Object(Config\Cache), false)
#3 C:\xampp\htdocs\AppDepressao\Depressapp\public\index.php(45): CodeIgniter\CodeIgniter->run()
#4 {main}
CRITICAL - 2020-07-12 19:58:55 --> Class 'App\Controllers\Models\ConsentFormModel' not found
#0 C:\xampp\htdocs\AppDepressao\Depressapp\system\CodeIgniter.php(914): App\Controllers\Admin->editar_termo()
#1 C:\xampp\htdocs\AppDepressao\Depressapp\system\CodeIgniter.php(400): CodeIgniter\CodeIgniter->runController(Object(App\Controllers\Admin))
#2 C:\xampp\htdocs\AppDepressao\Depressapp\system\CodeIgniter.php(308): CodeIgniter\CodeIgniter->handleRequest(NULL, Object(Config\Cache), false)
#3 C:\xampp\htdocs\AppDepressao\Depressapp\public\index.php(45): CodeIgniter\CodeIgniter->run()
#4 {main}
CRITICAL - 2020-07-12 19:59:54 --> Class 'App\Controllers\Models\ConsentFormModel' not found
#0 C:\xampp\htdocs\AppDepressao\Depressapp\system\CodeIgniter.php(914): App\Controllers\Admin->editar_termo()
#1 C:\xampp\htdocs\AppDepressao\Depressapp\system\CodeIgniter.php(400): CodeIgniter\CodeIgniter->runController(Object(App\Controllers\Admin))
#2 C:\xampp\htdocs\AppDepressao\Depressapp\system\CodeIgniter.php(308): CodeIgniter\CodeIgniter->handleRequest(NULL, Object(Config\Cache), false)
#3 C:\xampp\htdocs\AppDepressao\Depressapp\public\index.php(45): CodeIgniter\CodeIgniter->run()
#4 {main}
CRITICAL - 2020-07-12 20:02:56 --> Undefined variable: usuario_sel
#0 C:\xampp\htdocs\AppDepressao\Depressapp\app\Controllers\Admin.php(24): CodeIgniter\Debug\Exceptions->errorHandler(8, 'Undefined varia...', 'C:\\xampp\\htdocs...', 24, Array)
#1 C:\xampp\htdocs\AppDepressao\Depressapp\system\CodeIgniter.php(914): App\Controllers\Admin->editar_termo()
#2 C:\xampp\htdocs\AppDepressao\Depressapp\system\CodeIgniter.php(400): CodeIgniter\CodeIgniter->runController(Object(App\Controllers\Admin))
#3 C:\xampp\htdocs\AppDepressao\Depressapp\system\CodeIgniter.php(308): CodeIgniter\CodeIgniter->handleRequest(NULL, Object(Config\Cache), false)
#4 C:\xampp\htdocs\AppDepressao\Depressapp\public\index.php(45): CodeIgniter\CodeIgniter->run()
#5 {main}
CRITICAL - 2020-07-12 20:12:08 --> Undefined variable: user
#0 C:\xampp\htdocs\AppDepressao\Depressapp\app\Controllers\Admin.php(18): CodeIgniter\Debug\Exceptions->errorHandler(8, 'Undefined varia...', 'C:\\xampp\\htdocs...', 18, Array)
#1 C:\xampp\htdocs\AppDepressao\Depressapp\system\CodeIgniter.php(914): App\Controllers\Admin->editar_termo()
#2 C:\xampp\htdocs\AppDepressao\Depressapp\system\CodeIgniter.php(400): CodeIgniter\CodeIgniter->runController(Object(App\Controllers\Admin))
#3 C:\xampp\htdocs\AppDepressao\Depressapp\system\CodeIgniter.php(308): CodeIgniter\CodeIgniter->handleRequest(NULL, Object(Config\Cache), false)
#4 C:\xampp\htdocs\AppDepressao\Depressapp\public\index.php(45): CodeIgniter\CodeIgniter->run()
#5 {main}
CRITICAL - 2020-07-12 20:12:27 --> Class 'App\Entities\ConsentForm' not found
#0 [internal function]: CodeIgniter\Debug\Exceptions->shutdownHandler()
#1 {main}
CRITICAL - 2020-07-12 20:15:41 --> Class 'App\Entities\ConsentForm' not found
#0 [internal function]: CodeIgniter\Debug\Exceptions->shutdownHandler()
#1 {main}
CRITICAL - 2020-07-12 20:18:39 --> You have an error in your SQL syntax; check the manual that corresponds to your MariaDB server version for the right syntax to use near '0 = 'text', 1 = (NULL)
WHERE `id` = 1' at line 1
#0 C:\xampp\htdocs\AppDepressao\Depressapp\system\Database\MySQLi\Connection.php(331): mysqli->query('UPDATE `Consent...')
#1 C:\xampp\htdocs\AppDepressao\Depressapp\system\Database\BaseConnection.php(738): CodeIgniter\Database\MySQLi\Connection->execute('UPDATE `Consent...')
#2 C:\xampp\htdocs\AppDepressao\Depressapp\system\Database\BaseConnection.php(666): CodeIgniter\Database\BaseConnection->simpleQuery('UPDATE `Consent...')
#3 C:\xampp\htdocs\AppDepressao\Depressapp\system\Database\BaseBuilder.php(2441): CodeIgniter\Database\BaseConnection->query('UPDATE `Consent...', Array, false)
#4 C:\xampp\htdocs\AppDepressao\Depressapp\app\Models\ConsentFormModel.php(23): CodeIgniter\Database\BaseBuilder->update()
#5 C:\xampp\htdocs\AppDepressao\Depressapp\app\Controllers\Admin.php(23): App\Models\ConsentFormModel->Salvar(Array)
#6 C:\xampp\htdocs\AppDepressao\Depressapp\system\CodeIgniter.php(914): App\Controllers\Admin->editar_termo()
#7 C:\xampp\htdocs\AppDepressao\Depressapp\system\CodeIgniter.php(400): CodeIgniter\CodeIgniter->runController(Object(App\Controllers\Admin))
#8 C:\xampp\htdocs\AppDepressao\Depressapp\system\CodeIgniter.php(308): CodeIgniter\CodeIgniter->handleRequest(NULL, Object(Config\Cache), false)
#9 C:\xampp\htdocs\AppDepressao\Depressapp\public\index.php(45): CodeIgniter\CodeIgniter->run()
#10 {main}
CRITICAL - 2020-07-12 20:19:16 --> You have an error in your SQL syntax; check the manual that corresponds to your MariaDB server version for the right syntax to use near '0 = 'text', 1 = (NULL)
WHERE `id` = 1' at line 1
#0 C:\xampp\htdocs\AppDepressao\Depressapp\system\Database\MySQLi\Connection.php(331): mysqli->query('UPDATE `Consent...')
#1 C:\xampp\htdocs\AppDepressao\Depressapp\system\Database\BaseConnection.php(738): CodeIgniter\Database\MySQLi\Connection->execute('UPDATE `Consent...')
#2 C:\xampp\htdocs\AppDepressao\Depressapp\system\Database\BaseConnection.php(666): CodeIgniter\Database\BaseConnection->simpleQuery('UPDATE `Consent...')
#3 C:\xampp\htdocs\AppDepressao\Depressapp\system\Database\BaseBuilder.php(2441): CodeIgniter\Database\BaseConnection->query('UPDATE `Consent...', Array, false)
#4 C:\xampp\htdocs\AppDepressao\Depressapp\app\Models\ConsentFormModel.php(23): CodeIgniter\Database\BaseBuilder->update()
#5 C:\xampp\htdocs\AppDepressao\Depressapp\app\Controllers\Admin.php(23): App\Models\ConsentFormModel->Salvar(Array)
#6 C:\xampp\htdocs\AppDepressao\Depressapp\system\CodeIgniter.php(914): App\Controllers\Admin->editar_termo()
#7 C:\xampp\htdocs\AppDepressao\Depressapp\system\CodeIgniter.php(400): CodeIgniter\CodeIgniter->runController(Object(App\Controllers\Admin))
#8 C:\xampp\htdocs\AppDepressao\Depressapp\system\CodeIgniter.php(308): CodeIgniter\CodeIgniter->handleRequest(NULL, Object(Config\Cache), false)
#9 C:\xampp\htdocs\AppDepressao\Depressapp\public\index.php(45): CodeIgniter\CodeIgniter->run()
#10 {main}
CRITICAL - 2020-07-12 20:19:47 --> You have an error in your SQL syntax; check the manual that corresponds to your MariaDB server version for the right syntax to use near '0 = 'text', 1 = ('teste termo 123')
WHERE `id` = 1' at line 1
#0 C:\xampp\htdocs\AppDepressao\Depressapp\system\Database\MySQLi\Connection.php(331): mysqli->query('UPDATE `Consent...')
#1 C:\xampp\htdocs\AppDepressao\Depressapp\system\Database\BaseConnection.php(738): CodeIgniter\Database\MySQLi\Connection->execute('UPDATE `Consent...')
#2 C:\xampp\htdocs\AppDepressao\Depressapp\system\Database\BaseConnection.php(666): CodeIgniter\Database\BaseConnection->simpleQuery('UPDATE `Consent...')
#3 C:\xampp\htdocs\AppDepressao\Depressapp\system\Database\BaseBuilder.php(2441): CodeIgniter\Database\BaseConnection->query('UPDATE `Consent...', Array, false)
#4 C:\xampp\htdocs\AppDepressao\Depressapp\app\Models\ConsentFormModel.php(23): CodeIgniter\Database\BaseBuilder->update()
#5 C:\xampp\htdocs\AppDepressao\Depressapp\app\Controllers\Admin.php(23): App\Models\ConsentFormModel->Salvar(Array)
#6 C:\xampp\htdocs\AppDepressao\Depressapp\system\CodeIgniter.php(914): App\Controllers\Admin->editar_termo()
#7 C:\xampp\htdocs\AppDepressao\Depressapp\system\CodeIgniter.php(400): CodeIgniter\CodeIgniter->runController(Object(App\Controllers\Admin))
#8 C:\xampp\htdocs\AppDepressao\Depressapp\system\CodeIgniter.php(308): CodeIgniter\CodeIgniter->handleRequest(NULL, Object(Config\Cache), false)
#9 C:\xampp\htdocs\AppDepressao\Depressapp\public\index.php(45): CodeIgniter\CodeIgniter->run()
#10 {main}
CRITICAL - 2020-07-12 20:33:25 --> Trying to get property 'reply_date' of non-object
#0 C:\xampp\htdocs\AppDepressao\Depressapp\app\Views\_Layout.php(45): CodeIgniter\Debug\Exceptions->errorHandler(8, 'Trying to get p...', 'C:\\xampp\\htdocs...', 45, Array)
#1 C:\xampp\htdocs\AppDepressao\Depressapp\system\View\View.php(246): include('C:\\xampp\\htdocs...')
#2 C:\xampp\htdocs\AppDepressao\Depressapp\system\View\View.php(257): CodeIgniter\View\View->render('_Layout', Array, true)
#3 C:\xampp\htdocs\AppDepressao\Depressapp\system\Common.php(1087): CodeIgniter\View\View->render('Home/index', Array, true)
#4 C:\xampp\htdocs\AppDepressao\Depressapp\app\Controllers\Home.php(15): view('Home/index')
#5 C:\xampp\htdocs\AppDepressao\Depressapp\system\CodeIgniter.php(914): App\Controllers\Home->index()
#6 C:\xampp\htdocs\AppDepressao\Depressapp\system\CodeIgniter.php(400): CodeIgniter\CodeIgniter->runController(Object(App\Controllers\Home))
#7 C:\xampp\htdocs\AppDepressao\Depressapp\system\CodeIgniter.php(308): CodeIgniter\CodeIgniter->handleRequest(NULL, Object(Config\Cache), false)
#8 C:\xampp\htdocs\AppDepressao\Depressapp\public\index.php(45): CodeIgniter\CodeIgniter->run()
#9 {main}
CRITICAL - 2020-07-12 20:36:50 --> syntax error, unexpected 'is' (T_STRING), expecting ',' or ')'
#0 C:\xampp\htdocs\AppDepressao\Depressapp\system\View\View.php(257): CodeIgniter\View\View->render('_Layout', Array, true)
#1 C:\xampp\htdocs\AppDepressao\Depressapp\system\Common.php(1087): CodeIgniter\View\View->render('Home/index', Array, true)
#2 C:\xampp\htdocs\AppDepressao\Depressapp\app\Controllers\Home.php(15): view('Home/index')
#3 C:\xampp\htdocs\AppDepressao\Depressapp\system\CodeIgniter.php(914): App\Controllers\Home->index()
#4 C:\xampp\htdocs\AppDepressao\Depressapp\system\CodeIgniter.php(400): CodeIgniter\CodeIgniter->runController(Object(App\Controllers\Home))
#5 C:\xampp\htdocs\AppDepressao\Depressapp\system\CodeIgniter.php(308): CodeIgniter\CodeIgniter->handleRequest(NULL, Object(Config\Cache), false)
#6 C:\xampp\htdocs\AppDepressao\Depressapp\public\index.php(45): CodeIgniter\CodeIgniter->run()
#7 {main}
CRITICAL - 2020-07-12 20:59:13 --> syntax error, unexpected '$session' (T_VARIABLE), expecting case (T_CASE) or default (T_DEFAULT) or '}'
#0 C:\xampp\htdocs\AppDepressao\Depressapp\system\Router\Router.php(192): CodeIgniter\Router\Router->autoRoute('Questionario/Qu...')
#1 C:\xampp\htdocs\AppDepressao\Depressapp\system\CodeIgniter.php(789): CodeIgniter\Router\Router->handle('Questionario/Qu...')
#2 C:\xampp\htdocs\AppDepressao\Depressapp\system\CodeIgniter.php(360): CodeIgniter\CodeIgniter->tryToRouteIt(Object(CodeIgniter\Router\RouteCollection))
#3 C:\xampp\htdocs\AppDepressao\Depressapp\system\CodeIgniter.php(308): CodeIgniter\CodeIgniter->handleRequest(NULL, Object(Config\Cache), false)
#4 C:\xampp\htdocs\AppDepressao\Depressapp\public\index.php(45): CodeIgniter\CodeIgniter->run()
#5 {main}
