CRITICAL - 2020-06-28 09:57:02 --> Connection timed out
#0 /media/gabriel/Dados/Projetos/AppDepressao/Depressapp/system/Database/BaseConnection.php(377): CodeIgniter\Database\MySQLi\Connection->connect()
#1 /media/gabriel/Dados/Projetos/AppDepressao/Depressapp/system/Database/BaseConnection.php(643): CodeIgniter\Database\BaseConnection->initialize()
#2 /media/gabriel/Dados/Projetos/AppDepressao/Depressapp/system/Database/BaseBuilder.php(1845): CodeIgniter\Database\BaseConnection->query()
#3 /media/gabriel/Dados/Projetos/AppDepressao/Depressapp/system/Model.php(445): CodeIgniter\Database\BaseBuilder->get()
#4 /media/gabriel/Dados/Projetos/AppDepressao/Depressapp/app/Controllers/Analise.php(20): CodeIgniter\Model->findAll()
#5 /media/gabriel/Dados/Projetos/AppDepressao/Depressapp/system/CodeIgniter.php(914): App\Controllers\Analise->View()
#6 /media/gabriel/Dados/Projetos/AppDepressao/Depressapp/system/CodeIgniter.php(400): CodeIgniter\CodeIgniter->runController()
#7 /media/gabriel/Dados/Projetos/AppDepressao/Depressapp/system/CodeIgniter.php(308): CodeIgniter\CodeIgniter->handleRequest()
#8 /media/gabriel/Dados/Projetos/AppDepressao/Depressapp/public/index.php(45): CodeIgniter\CodeIgniter->run()
#9 {main}
CRITICAL - 2020-06-28 10:32:52 --> Class 'App\Models\QuestionsItensModel' not found
#0 /media/gabriel/Dados/Projetos/AppDepressao/Depressapp/system/CodeIgniter.php(914): App\Controllers\Analise->View()
#1 /media/gabriel/Dados/Projetos/AppDepressao/Depressapp/system/CodeIgniter.php(400): CodeIgniter\CodeIgniter->runController()
#2 /media/gabriel/Dados/Projetos/AppDepressao/Depressapp/system/CodeIgniter.php(308): CodeIgniter\CodeIgniter->handleRequest()
#3 /media/gabriel/Dados/Projetos/AppDepressao/Depressapp/public/index.php(45): CodeIgniter\CodeIgniter->run()
#4 {main}
CRITICAL - 2020-06-28 10:33:11 --> Class 'App\Models\QuestionsItensModel' not found
#0 /media/gabriel/Dados/Projetos/AppDepressao/Depressapp/system/CodeIgniter.php(914): App\Controllers\Analise->View()
#1 /media/gabriel/Dados/Projetos/AppDepressao/Depressapp/system/CodeIgniter.php(400): CodeIgniter\CodeIgniter->runController()
#2 /media/gabriel/Dados/Projetos/AppDepressao/Depressapp/system/CodeIgniter.php(308): CodeIgniter\CodeIgniter->handleRequest()
#3 /media/gabriel/Dados/Projetos/AppDepressao/Depressapp/public/index.php(45): CodeIgniter\CodeIgniter->run()
#4 {main}
CRITICAL - 2020-06-28 10:34:19 --> MySQL server has gone away
#0 /media/gabriel/Dados/Projetos/AppDepressao/Depressapp/system/Database/MySQLi/Connection.php(331): mysqli->query()
#1 /media/gabriel/Dados/Projetos/AppDepressao/Depressapp/system/Database/BaseConnection.php(738): CodeIgniter\Database\MySQLi\Connection->execute()
#2 /media/gabriel/Dados/Projetos/AppDepressao/Depressapp/system/Database/BaseConnection.php(666): CodeIgniter\Database\BaseConnection->simpleQuery()
#3 /media/gabriel/Dados/Projetos/AppDepressao/Depressapp/system/Database/BaseBuilder.php(1845): CodeIgniter\Database\BaseConnection->query()
#4 /media/gabriel/Dados/Projetos/AppDepressao/Depressapp/system/Model.php(445): CodeIgniter\Database\BaseBuilder->get()
#5 /media/gabriel/Dados/Projetos/AppDepressao/Depressapp/app/Controllers/Analise.php(42): CodeIgniter\Model->findAll()
#6 /media/gabriel/Dados/Projetos/AppDepressao/Depressapp/system/CodeIgniter.php(914): App\Controllers\Analise->View()
#7 /media/gabriel/Dados/Projetos/AppDepressao/Depressapp/system/CodeIgniter.php(400): CodeIgniter\CodeIgniter->runController()
#8 /media/gabriel/Dados/Projetos/AppDepressao/Depressapp/system/CodeIgniter.php(308): CodeIgniter\CodeIgniter->handleRequest()
#9 /media/gabriel/Dados/Projetos/AppDepressao/Depressapp/public/index.php(45): CodeIgniter\CodeIgniter->run()
#10 {main}
CRITICAL - 2020-06-28 10:35:47 --> Undefined property: App\Controllers\PerguntaAnalise::$cod_question_item
#0 /media/gabriel/Dados/Projetos/AppDepressao/Depressapp/app/Controllers/Analise.php(48): CodeIgniter\Debug\Exceptions->errorHandler()
#1 /media/gabriel/Dados/Projetos/AppDepressao/Depressapp/system/CodeIgniter.php(914): App\Controllers\Analise->View()
#2 /media/gabriel/Dados/Projetos/AppDepressao/Depressapp/system/CodeIgniter.php(400): CodeIgniter\CodeIgniter->runController()
#3 /media/gabriel/Dados/Projetos/AppDepressao/Depressapp/system/CodeIgniter.php(308): CodeIgniter\CodeIgniter->handleRequest()
#4 /media/gabriel/Dados/Projetos/AppDepressao/Depressapp/public/index.php(45): CodeIgniter\CodeIgniter->run()
#5 {main}
CRITICAL - 2020-06-28 10:36:27 --> Unknown column 'age' in 'field list'
#0 /media/gabriel/Dados/Projetos/AppDepressao/Depressapp/system/Database/MySQLi/Connection.php(331): mysqli->query()
#1 /media/gabriel/Dados/Projetos/AppDepressao/Depressapp/system/Database/BaseConnection.php(738): CodeIgniter\Database\MySQLi\Connection->execute()
#2 /media/gabriel/Dados/Projetos/AppDepressao/Depressapp/system/Database/BaseConnection.php(666): CodeIgniter\Database\BaseConnection->simpleQuery()
#3 /media/gabriel/Dados/Projetos/AppDepressao/Depressapp/system/Database/BaseBuilder.php(1845): CodeIgniter\Database\BaseConnection->query()
#4 /media/gabriel/Dados/Projetos/AppDepressao/Depressapp/system/Model.php(445): CodeIgniter\Database\BaseBuilder->get()
#5 /media/gabriel/Dados/Projetos/AppDepressao/Depressapp/app/Controllers/Analise.php(49): CodeIgniter\Model->findAll()
#6 /media/gabriel/Dados/Projetos/AppDepressao/Depressapp/system/CodeIgniter.php(914): App\Controllers\Analise->View()
#7 /media/gabriel/Dados/Projetos/AppDepressao/Depressapp/system/CodeIgniter.php(400): CodeIgniter\CodeIgniter->runController()
#8 /media/gabriel/Dados/Projetos/AppDepressao/Depressapp/system/CodeIgniter.php(308): CodeIgniter\CodeIgniter->handleRequest()
#9 /media/gabriel/Dados/Projetos/AppDepressao/Depressapp/public/index.php(45): CodeIgniter\CodeIgniter->run()
#10 {main}
CRITICAL - 2020-06-28 10:36:54 --> Empty statement is given for the field `{0}`
#0 /media/gabriel/Dados/Projetos/AppDepressao/Depressapp/system/Database/BaseBuilder.php(492): CodeIgniter\Database\Exceptions\DataException::forEmptyInputGiven()
#1 /media/gabriel/Dados/Projetos/AppDepressao/Depressapp/system/Database/BaseBuilder.php(467): CodeIgniter\Database\BaseBuilder->maxMinAvgSum()
#2 /media/gabriel/Dados/Projetos/AppDepressao/Depressapp/system/Model.php(1716): CodeIgniter\Database\BaseBuilder->selectCount()
#3 /media/gabriel/Dados/Projetos/AppDepressao/Depressapp/app/Controllers/Analise.php(48): CodeIgniter\Model->__call()
#4 /media/gabriel/Dados/Projetos/AppDepressao/Depressapp/system/CodeIgniter.php(914): App\Controllers\Analise->View()
#5 /media/gabriel/Dados/Projetos/AppDepressao/Depressapp/system/CodeIgniter.php(400): CodeIgniter\CodeIgniter->runController()
#6 /media/gabriel/Dados/Projetos/AppDepressao/Depressapp/system/CodeIgniter.php(308): CodeIgniter\CodeIgniter->handleRequest()
#7 /media/gabriel/Dados/Projetos/AppDepressao/Depressapp/public/index.php(45): CodeIgniter\CodeIgniter->run()
#8 {main}
CRITICAL - 2020-06-28 10:39:21 --> MySQL server has gone away
#0 /media/gabriel/Dados/Projetos/AppDepressao/Depressapp/system/Database/MySQLi/Connection.php(331): mysqli->query()
#1 /media/gabriel/Dados/Projetos/AppDepressao/Depressapp/system/Database/BaseConnection.php(738): CodeIgniter\Database\MySQLi\Connection->execute()
#2 /media/gabriel/Dados/Projetos/AppDepressao/Depressapp/system/Database/BaseConnection.php(666): CodeIgniter\Database\BaseConnection->simpleQuery()
#3 /media/gabriel/Dados/Projetos/AppDepressao/Depressapp/system/Database/BaseBuilder.php(1845): CodeIgniter\Database\BaseConnection->query()
#4 /media/gabriel/Dados/Projetos/AppDepressao/Depressapp/system/Model.php(445): CodeIgniter\Database\BaseBuilder->get()
#5 /media/gabriel/Dados/Projetos/AppDepressao/Depressapp/app/Controllers/Analise.php(49): CodeIgniter\Model->findAll()
#6 /media/gabriel/Dados/Projetos/AppDepressao/Depressapp/system/CodeIgniter.php(914): App\Controllers\Analise->View()
#7 /media/gabriel/Dados/Projetos/AppDepressao/Depressapp/system/CodeIgniter.php(400): CodeIgniter\CodeIgniter->runController()
#8 /media/gabriel/Dados/Projetos/AppDepressao/Depressapp/system/CodeIgniter.php(308): CodeIgniter\CodeIgniter->handleRequest()
#9 /media/gabriel/Dados/Projetos/AppDepressao/Depressapp/public/index.php(45): CodeIgniter\CodeIgniter->run()
#10 {main}
CRITICAL - 2020-06-28 10:41:23 --> MySQL server has gone away
#0 /media/gabriel/Dados/Projetos/AppDepressao/Depressapp/system/Database/MySQLi/Connection.php(331): mysqli->query()
#1 /media/gabriel/Dados/Projetos/AppDepressao/Depressapp/system/Database/BaseConnection.php(738): CodeIgniter\Database\MySQLi\Connection->execute()
#2 /media/gabriel/Dados/Projetos/AppDepressao/Depressapp/system/Database/BaseConnection.php(666): CodeIgniter\Database\BaseConnection->simpleQuery()
#3 /media/gabriel/Dados/Projetos/AppDepressao/Depressapp/system/Database/BaseBuilder.php(1937): CodeIgniter\Database\BaseConnection->query()
#4 /media/gabriel/Dados/Projetos/AppDepressao/Depressapp/system/Model.php(1596): CodeIgniter\Database\BaseBuilder->countAllResults()
#5 /media/gabriel/Dados/Projetos/AppDepressao/Depressapp/app/Controllers/Analise.php(48): CodeIgniter\Model->countAllResults()
#6 /media/gabriel/Dados/Projetos/AppDepressao/Depressapp/system/CodeIgniter.php(914): App\Controllers\Analise->View()
#7 /media/gabriel/Dados/Projetos/AppDepressao/Depressapp/system/CodeIgniter.php(400): CodeIgniter\CodeIgniter->runController()
#8 /media/gabriel/Dados/Projetos/AppDepressao/Depressapp/system/CodeIgniter.php(308): CodeIgniter\CodeIgniter->handleRequest()
#9 /media/gabriel/Dados/Projetos/AppDepressao/Depressapp/public/index.php(45): CodeIgniter\CodeIgniter->run()
#10 {main}
CRITICAL - 2020-06-28 10:59:04 --> MySQL server has gone away
#0 /media/gabriel/Dados/Projetos/AppDepressao/Depressapp/system/Database/MySQLi/Connection.php(331): mysqli->query()
#1 /media/gabriel/Dados/Projetos/AppDepressao/Depressapp/system/Database/BaseConnection.php(738): CodeIgniter\Database\MySQLi\Connection->execute()
#2 /media/gabriel/Dados/Projetos/AppDepressao/Depressapp/system/Database/BaseConnection.php(666): CodeIgniter\Database\BaseConnection->simpleQuery()
#3 /media/gabriel/Dados/Projetos/AppDepressao/Depressapp/system/Database/BaseBuilder.php(1845): CodeIgniter\Database\BaseConnection->query()
#4 /media/gabriel/Dados/Projetos/AppDepressao/Depressapp/system/Model.php(1716): CodeIgniter\Database\BaseBuilder->get()
#5 /media/gabriel/Dados/Projetos/AppDepressao/Depressapp/app/Controllers/Analise.php(54): CodeIgniter\Model->__call()
#6 /media/gabriel/Dados/Projetos/AppDepressao/Depressapp/system/CodeIgniter.php(914): App\Controllers\Analise->View()
#7 /media/gabriel/Dados/Projetos/AppDepressao/Depressapp/system/CodeIgniter.php(400): CodeIgniter\CodeIgniter->runController()
#8 /media/gabriel/Dados/Projetos/AppDepressao/Depressapp/system/CodeIgniter.php(308): CodeIgniter\CodeIgniter->handleRequest()
#9 /media/gabriel/Dados/Projetos/AppDepressao/Depressapp/public/index.php(45): CodeIgniter\CodeIgniter->run()
#10 {main}
CRITICAL - 2020-06-28 11:00:40 --> MySQL server has gone away
#0 /media/gabriel/Dados/Projetos/AppDepressao/Depressapp/system/Database/MySQLi/Connection.php(331): mysqli->query()
#1 /media/gabriel/Dados/Projetos/AppDepressao/Depressapp/system/Database/BaseConnection.php(738): CodeIgniter\Database\MySQLi\Connection->execute()
#2 /media/gabriel/Dados/Projetos/AppDepressao/Depressapp/system/Database/BaseConnection.php(666): CodeIgniter\Database\BaseConnection->simpleQuery()
#3 /media/gabriel/Dados/Projetos/AppDepressao/Depressapp/system/Database/BaseBuilder.php(1845): CodeIgniter\Database\BaseConnection->query()
#4 /media/gabriel/Dados/Projetos/AppDepressao/Depressapp/system/Model.php(445): CodeIgniter\Database\BaseBuilder->get()
#5 /media/gabriel/Dados/Projetos/AppDepressao/Depressapp/app/Controllers/Analise.php(54): CodeIgniter\Model->findAll()
#6 /media/gabriel/Dados/Projetos/AppDepressao/Depressapp/system/CodeIgniter.php(914): App\Controllers\Analise->View()
#7 /media/gabriel/Dados/Projetos/AppDepressao/Depressapp/system/CodeIgniter.php(400): CodeIgniter\CodeIgniter->runController()
#8 /media/gabriel/Dados/Projetos/AppDepressao/Depressapp/system/CodeIgniter.php(308): CodeIgniter\CodeIgniter->handleRequest()
#9 /media/gabriel/Dados/Projetos/AppDepressao/Depressapp/public/index.php(45): CodeIgniter\CodeIgniter->run()
#10 {main}
CRITICAL - 2020-06-28 13:05:59 --> Invalid argument supplied for foreach()
#0 /media/gabriel/Dados/Projetos/AppDepressao/Depressapp/app/Views/Analise/View.php(18): CodeIgniter\Debug\Exceptions->errorHandler()
#1 /media/gabriel/Dados/Projetos/AppDepressao/Depressapp/system/View/View.php(246): include('/media/gabriel/...')
#2 /media/gabriel/Dados/Projetos/AppDepressao/Depressapp/system/Common.php(1087): CodeIgniter\View\View->render()
#3 /media/gabriel/Dados/Projetos/AppDepressao/Depressapp/app/Controllers/Analise.php(70): view()
#4 /media/gabriel/Dados/Projetos/AppDepressao/Depressapp/system/CodeIgniter.php(914): App\Controllers\Analise->View()
#5 /media/gabriel/Dados/Projetos/AppDepressao/Depressapp/system/CodeIgniter.php(400): CodeIgniter\CodeIgniter->runController()
#6 /media/gabriel/Dados/Projetos/AppDepressao/Depressapp/system/CodeIgniter.php(308): CodeIgniter\CodeIgniter->handleRequest()
#7 /media/gabriel/Dados/Projetos/AppDepressao/Depressapp/public/index.php(45): CodeIgniter\CodeIgniter->run()
#8 {main}
CRITICAL - 2020-06-28 13:06:24 --> Invalid argument supplied for foreach()
#0 /media/gabriel/Dados/Projetos/AppDepressao/Depressapp/app/Views/Analise/View.php(18): CodeIgniter\Debug\Exceptions->errorHandler()
#1 /media/gabriel/Dados/Projetos/AppDepressao/Depressapp/system/View/View.php(246): include('/media/gabriel/...')
#2 /media/gabriel/Dados/Projetos/AppDepressao/Depressapp/system/Common.php(1087): CodeIgniter\View\View->render()
#3 /media/gabriel/Dados/Projetos/AppDepressao/Depressapp/app/Controllers/Analise.php(70): view()
#4 /media/gabriel/Dados/Projetos/AppDepressao/Depressapp/system/CodeIgniter.php(914): App\Controllers\Analise->View()
#5 /media/gabriel/Dados/Projetos/AppDepressao/Depressapp/system/CodeIgniter.php(400): CodeIgniter\CodeIgniter->runController()
#6 /media/gabriel/Dados/Projetos/AppDepressao/Depressapp/system/CodeIgniter.php(308): CodeIgniter\CodeIgniter->handleRequest()
#7 /media/gabriel/Dados/Projetos/AppDepressao/Depressapp/public/index.php(45): CodeIgniter\CodeIgniter->run()
#8 {main}
CRITICAL - 2020-06-28 13:07:50 --> Invalid argument supplied for foreach()
#0 /media/gabriel/Dados/Projetos/AppDepressao/Depressapp/app/Views/Analise/View.php(18): CodeIgniter\Debug\Exceptions->errorHandler()
#1 /media/gabriel/Dados/Projetos/AppDepressao/Depressapp/system/View/View.php(246): include('/media/gabriel/...')
#2 /media/gabriel/Dados/Projetos/AppDepressao/Depressapp/system/Common.php(1087): CodeIgniter\View\View->render()
#3 /media/gabriel/Dados/Projetos/AppDepressao/Depressapp/app/Controllers/Analise.php(70): view()
#4 /media/gabriel/Dados/Projetos/AppDepressao/Depressapp/system/CodeIgniter.php(914): App\Controllers\Analise->View()
#5 /media/gabriel/Dados/Projetos/AppDepressao/Depressapp/system/CodeIgniter.php(400): CodeIgniter\CodeIgniter->runController()
#6 /media/gabriel/Dados/Projetos/AppDepressao/Depressapp/system/CodeIgniter.php(308): CodeIgniter\CodeIgniter->handleRequest()
#7 /media/gabriel/Dados/Projetos/AppDepressao/Depressapp/public/index.php(45): CodeIgniter\CodeIgniter->run()
#8 {main}
CRITICAL - 2020-06-28 13:08:28 --> Array to string conversion
#0 /media/gabriel/Dados/Projetos/AppDepressao/Depressapp/app/Views/Analise/View.php(5): CodeIgniter\Debug\Exceptions->errorHandler()
#1 /media/gabriel/Dados/Projetos/AppDepressao/Depressapp/system/View/View.php(246): include('/media/gabriel/...')
#2 /media/gabriel/Dados/Projetos/AppDepressao/Depressapp/system/Common.php(1087): CodeIgniter\View\View->render()
#3 /media/gabriel/Dados/Projetos/AppDepressao/Depressapp/app/Controllers/Analise.php(70): view()
#4 /media/gabriel/Dados/Projetos/AppDepressao/Depressapp/system/CodeIgniter.php(914): App\Controllers\Analise->View()
#5 /media/gabriel/Dados/Projetos/AppDepressao/Depressapp/system/CodeIgniter.php(400): CodeIgniter\CodeIgniter->runController()
#6 /media/gabriel/Dados/Projetos/AppDepressao/Depressapp/system/CodeIgniter.php(308): CodeIgniter\CodeIgniter->handleRequest()
#7 /media/gabriel/Dados/Projetos/AppDepressao/Depressapp/public/index.php(45): CodeIgniter\CodeIgniter->run()
#8 {main}
CRITICAL - 2020-06-28 13:31:17 --> Undefined property: App\Controllers\OpcoesAnalise::$total
#0 /media/gabriel/Dados/Projetos/AppDepressao/Depressapp/app/Views/Analise/View.php(50): CodeIgniter\Debug\Exceptions->errorHandler()
#1 /media/gabriel/Dados/Projetos/AppDepressao/Depressapp/system/View/View.php(246): include('/media/gabriel/...')
#2 /media/gabriel/Dados/Projetos/AppDepressao/Depressapp/system/Common.php(1087): CodeIgniter\View\View->render()
#3 /media/gabriel/Dados/Projetos/AppDepressao/Depressapp/app/Controllers/Analise.php(70): view()
#4 /media/gabriel/Dados/Projetos/AppDepressao/Depressapp/system/CodeIgniter.php(914): App\Controllers\Analise->View()
#5 /media/gabriel/Dados/Projetos/AppDepressao/Depressapp/system/CodeIgniter.php(400): CodeIgniter\CodeIgniter->runController()
#6 /media/gabriel/Dados/Projetos/AppDepressao/Depressapp/system/CodeIgniter.php(308): CodeIgniter\CodeIgniter->handleRequest()
#7 /media/gabriel/Dados/Projetos/AppDepressao/Depressapp/public/index.php(45): CodeIgniter\CodeIgniter->run()
#8 {main}
CRITICAL - 2020-06-28 13:42:03 --> syntax error, unexpected 'endforeach' (T_ENDFOREACH), expecting endswitch (T_ENDSWITCH) or case (T_CASE) or default (T_DEFAULT)
#0 /media/gabriel/Dados/Projetos/AppDepressao/Depressapp/system/Common.php(1087): CodeIgniter\View\View->render()
#1 /media/gabriel/Dados/Projetos/AppDepressao/Depressapp/app/Controllers/Analise.php(70): view()
#2 /media/gabriel/Dados/Projetos/AppDepressao/Depressapp/system/CodeIgniter.php(914): App\Controllers\Analise->View()
#3 /media/gabriel/Dados/Projetos/AppDepressao/Depressapp/system/CodeIgniter.php(400): CodeIgniter\CodeIgniter->runController()
#4 /media/gabriel/Dados/Projetos/AppDepressao/Depressapp/system/CodeIgniter.php(308): CodeIgniter\CodeIgniter->handleRequest()
#5 /media/gabriel/Dados/Projetos/AppDepressao/Depressapp/public/index.php(45): CodeIgniter\CodeIgniter->run()
#6 {main}
CRITICAL - 2020-06-28 13:56:40 --> A non-numeric value encountered
#0 /media/gabriel/Dados/Projetos/AppDepressao/Depressapp/app/Controllers/Questionario.php(40): CodeIgniter\Debug\Exceptions->errorHandler()
#1 /media/gabriel/Dados/Projetos/AppDepressao/Depressapp/system/CodeIgniter.php(914): App\Controllers\Questionario->Resultados()
#2 /media/gabriel/Dados/Projetos/AppDepressao/Depressapp/system/CodeIgniter.php(400): CodeIgniter\CodeIgniter->runController()
#3 /media/gabriel/Dados/Projetos/AppDepressao/Depressapp/system/CodeIgniter.php(308): CodeIgniter\CodeIgniter->handleRequest()
#4 /media/gabriel/Dados/Projetos/AppDepressao/Depressapp/public/index.php(45): CodeIgniter\CodeIgniter->run()
#5 {main}
CRITICAL - 2020-06-28 14:22:00 --> Trying to get property 'reply_text' of non-object
#0 /media/gabriel/Dados/Projetos/AppDepressao/Depressapp/app/Views/Analise/View.php(79): CodeIgniter\Debug\Exceptions->errorHandler()
#1 /media/gabriel/Dados/Projetos/AppDepressao/Depressapp/system/View/View.php(246): include('/media/gabriel/...')
#2 /media/gabriel/Dados/Projetos/AppDepressao/Depressapp/system/Common.php(1087): CodeIgniter\View\View->render()
#3 /media/gabriel/Dados/Projetos/AppDepressao/Depressapp/app/Controllers/Analise.php(70): view()
#4 /media/gabriel/Dados/Projetos/AppDepressao/Depressapp/system/CodeIgniter.php(914): App\Controllers\Analise->View()
#5 /media/gabriel/Dados/Projetos/AppDepressao/Depressapp/system/CodeIgniter.php(400): CodeIgniter\CodeIgniter->runController()
#6 /media/gabriel/Dados/Projetos/AppDepressao/Depressapp/system/CodeIgniter.php(308): CodeIgniter\CodeIgniter->handleRequest()
#7 /media/gabriel/Dados/Projetos/AppDepressao/Depressapp/public/index.php(45): CodeIgniter\CodeIgniter->run()
#8 {main}
CRITICAL - 2020-06-28 14:23:24 --> Array to string conversion
#0 /media/gabriel/Dados/Projetos/AppDepressao/Depressapp/app/Views/Analise/View.php(79): CodeIgniter\Debug\Exceptions->errorHandler()
#1 /media/gabriel/Dados/Projetos/AppDepressao/Depressapp/system/View/View.php(246): include('/media/gabriel/...')
#2 /media/gabriel/Dados/Projetos/AppDepressao/Depressapp/system/Common.php(1087): CodeIgniter\View\View->render()
#3 /media/gabriel/Dados/Projetos/AppDepressao/Depressapp/app/Controllers/Analise.php(70): view()
#4 /media/gabriel/Dados/Projetos/AppDepressao/Depressapp/system/CodeIgniter.php(914): App\Controllers\Analise->View()
#5 /media/gabriel/Dados/Projetos/AppDepressao/Depressapp/system/CodeIgniter.php(400): CodeIgniter\CodeIgniter->runController()
#6 /media/gabriel/Dados/Projetos/AppDepressao/Depressapp/system/CodeIgniter.php(308): CodeIgniter\CodeIgniter->handleRequest()
#7 /media/gabriel/Dados/Projetos/AppDepressao/Depressapp/public/index.php(45): CodeIgniter\CodeIgniter->run()
#8 {main}
CRITICAL - 2020-06-28 14:24:03 --> Array to string conversion
#0 /media/gabriel/Dados/Projetos/AppDepressao/Depressapp/app/Views/Analise/View.php(79): CodeIgniter\Debug\Exceptions->errorHandler()
#1 /media/gabriel/Dados/Projetos/AppDepressao/Depressapp/system/View/View.php(246): include('/media/gabriel/...')
#2 /media/gabriel/Dados/Projetos/AppDepressao/Depressapp/system/Common.php(1087): CodeIgniter\View\View->render()
#3 /media/gabriel/Dados/Projetos/AppDepressao/Depressapp/app/Controllers/Analise.php(70): view()
#4 /media/gabriel/Dados/Projetos/AppDepressao/Depressapp/system/CodeIgniter.php(914): App\Controllers\Analise->View()
#5 /media/gabriel/Dados/Projetos/AppDepressao/Depressapp/system/CodeIgniter.php(400): CodeIgniter\CodeIgniter->runController()
#6 /media/gabriel/Dados/Projetos/AppDepressao/Depressapp/system/CodeIgniter.php(308): CodeIgniter\CodeIgniter->handleRequest()
#7 /media/gabriel/Dados/Projetos/AppDepressao/Depressapp/public/index.php(45): CodeIgniter\CodeIgniter->run()
#8 {main}
CRITICAL - 2020-06-28 14:24:17 --> Array to string conversion
#0 /media/gabriel/Dados/Projetos/AppDepressao/Depressapp/app/Views/Analise/View.php(79): CodeIgniter\Debug\Exceptions->errorHandler()
#1 /media/gabriel/Dados/Projetos/AppDepressao/Depressapp/system/View/View.php(246): include('/media/gabriel/...')
#2 /media/gabriel/Dados/Projetos/AppDepressao/Depressapp/system/Common.php(1087): CodeIgniter\View\View->render()
#3 /media/gabriel/Dados/Projetos/AppDepressao/Depressapp/app/Controllers/Analise.php(70): view()
#4 /media/gabriel/Dados/Projetos/AppDepressao/Depressapp/system/CodeIgniter.php(914): App\Controllers\Analise->View()
#5 /media/gabriel/Dados/Projetos/AppDepressao/Depressapp/system/CodeIgniter.php(400): CodeIgniter\CodeIgniter->runController()
#6 /media/gabriel/Dados/Projetos/AppDepressao/Depressapp/system/CodeIgniter.php(308): CodeIgniter\CodeIgniter->handleRequest()
#7 /media/gabriel/Dados/Projetos/AppDepressao/Depressapp/public/index.php(45): CodeIgniter\CodeIgniter->run()
#8 {main}
CRITICAL - 2020-06-28 14:26:09 --> Array to string conversion
#0 /media/gabriel/Dados/Projetos/AppDepressao/Depressapp/app/Views/Analise/View.php(80): CodeIgniter\Debug\Exceptions->errorHandler()
#1 /media/gabriel/Dados/Projetos/AppDepressao/Depressapp/system/View/View.php(246): include('/media/gabriel/...')
#2 /media/gabriel/Dados/Projetos/AppDepressao/Depressapp/system/Common.php(1087): CodeIgniter\View\View->render()
#3 /media/gabriel/Dados/Projetos/AppDepressao/Depressapp/app/Controllers/Analise.php(72): view()
#4 /media/gabriel/Dados/Projetos/AppDepressao/Depressapp/system/CodeIgniter.php(914): App\Controllers\Analise->View()
#5 /media/gabriel/Dados/Projetos/AppDepressao/Depressapp/system/CodeIgniter.php(400): CodeIgniter\CodeIgniter->runController()
#6 /media/gabriel/Dados/Projetos/AppDepressao/Depressapp/system/CodeIgniter.php(308): CodeIgniter\CodeIgniter->handleRequest()
#7 /media/gabriel/Dados/Projetos/AppDepressao/Depressapp/public/index.php(45): CodeIgniter\CodeIgniter->run()
#8 {main}
CRITICAL - 2020-06-28 15:32:18 --> Call to undefined function App\Controllers\first()
#0 /media/gabriel/Dados/Projetos/AppDepressao/Depressapp/system/CodeIgniter.php(914): App\Controllers\Analise->View()
#1 /media/gabriel/Dados/Projetos/AppDepressao/Depressapp/system/CodeIgniter.php(400): CodeIgniter\CodeIgniter->runController()
#2 /media/gabriel/Dados/Projetos/AppDepressao/Depressapp/system/CodeIgniter.php(308): CodeIgniter\CodeIgniter->handleRequest()
#3 /media/gabriel/Dados/Projetos/AppDepressao/Depressapp/public/index.php(45): CodeIgniter\CodeIgniter->run()
#4 {main}
CRITICAL - 2020-06-28 15:34:10 --> Call to undefined function App\Controllers\selectSum()
#0 /media/gabriel/Dados/Projetos/AppDepressao/Depressapp/system/CodeIgniter.php(914): App\Controllers\Analise->View()
#1 /media/gabriel/Dados/Projetos/AppDepressao/Depressapp/system/CodeIgniter.php(400): CodeIgniter\CodeIgniter->runController()
#2 /media/gabriel/Dados/Projetos/AppDepressao/Depressapp/system/CodeIgniter.php(308): CodeIgniter\CodeIgniter->handleRequest()
#3 /media/gabriel/Dados/Projetos/AppDepressao/Depressapp/public/index.php(45): CodeIgniter\CodeIgniter->run()
#4 {main}
CRITICAL - 2020-06-28 15:34:55 --> Call to undefined function App\Controllers\selectSum()
#0 /media/gabriel/Dados/Projetos/AppDepressao/Depressapp/system/CodeIgniter.php(914): App\Controllers\Analise->View()
#1 /media/gabriel/Dados/Projetos/AppDepressao/Depressapp/system/CodeIgniter.php(400): CodeIgniter\CodeIgniter->runController()
#2 /media/gabriel/Dados/Projetos/AppDepressao/Depressapp/system/CodeIgniter.php(308): CodeIgniter\CodeIgniter->handleRequest()
#3 /media/gabriel/Dados/Projetos/AppDepressao/Depressapp/public/index.php(45): CodeIgniter\CodeIgniter->run()
#4 {main}
CRITICAL - 2020-06-28 15:35:46 --> Undefined variable: enc_lista
#0 /media/gabriel/Dados/Projetos/AppDepressao/Depressapp/app/Views/Analise/View.php(3): CodeIgniter\Debug\Exceptions->errorHandler()
#1 /media/gabriel/Dados/Projetos/AppDepressao/Depressapp/system/View/View.php(246): include('/media/gabriel/...')
#2 /media/gabriel/Dados/Projetos/AppDepressao/Depressapp/system/Common.php(1087): CodeIgniter\View\View->render()
#3 /media/gabriel/Dados/Projetos/AppDepressao/Depressapp/app/Controllers/Analise.php(83): view()
#4 /media/gabriel/Dados/Projetos/AppDepressao/Depressapp/system/CodeIgniter.php(914): App\Controllers\Analise->View()
#5 /media/gabriel/Dados/Projetos/AppDepressao/Depressapp/system/CodeIgniter.php(400): CodeIgniter\CodeIgniter->runController()
#6 /media/gabriel/Dados/Projetos/AppDepressao/Depressapp/system/CodeIgniter.php(308): CodeIgniter\CodeIgniter->handleRequest()
#7 /media/gabriel/Dados/Projetos/AppDepressao/Depressapp/public/index.php(45): CodeIgniter\CodeIgniter->run()
#8 {main}
CRITICAL - 2020-06-28 15:36:54 --> Unknown column 'total' in 'field list'
#0 /media/gabriel/Dados/Projetos/AppDepressao/Depressapp/system/Database/MySQLi/Connection.php(331): mysqli->query()
#1 /media/gabriel/Dados/Projetos/AppDepressao/Depressapp/system/Database/BaseConnection.php(738): CodeIgniter\Database\MySQLi\Connection->execute()
#2 /media/gabriel/Dados/Projetos/AppDepressao/Depressapp/system/Database/BaseConnection.php(666): CodeIgniter\Database\BaseConnection->simpleQuery()
#3 /media/gabriel/Dados/Projetos/AppDepressao/Depressapp/system/Database/BaseBuilder.php(1845): CodeIgniter\Database\BaseConnection->query()
#4 /media/gabriel/Dados/Projetos/AppDepressao/Depressapp/system/Model.php(489): CodeIgniter\Database\BaseBuilder->get()
#5 /media/gabriel/Dados/Projetos/AppDepressao/Depressapp/app/Controllers/Analise.php(79): CodeIgniter\Model->first()
#6 /media/gabriel/Dados/Projetos/AppDepressao/Depressapp/system/CodeIgniter.php(914): App\Controllers\Analise->View()
#7 /media/gabriel/Dados/Projetos/AppDepressao/Depressapp/system/CodeIgniter.php(400): CodeIgniter\CodeIgniter->runController()
#8 /media/gabriel/Dados/Projetos/AppDepressao/Depressapp/system/CodeIgniter.php(308): CodeIgniter\CodeIgniter->handleRequest()
#9 /media/gabriel/Dados/Projetos/AppDepressao/Depressapp/public/index.php(45): CodeIgniter\CodeIgniter->run()
#10 {main}
CRITICAL - 2020-06-28 15:37:36 --> Unknown column 'sintoma' in 'where clause'
#0 /media/gabriel/Dados/Projetos/AppDepressao/Depressapp/system/Database/MySQLi/Connection.php(331): mysqli->query()
#1 /media/gabriel/Dados/Projetos/AppDepressao/Depressapp/system/Database/BaseConnection.php(738): CodeIgniter\Database\MySQLi\Connection->execute()
#2 /media/gabriel/Dados/Projetos/AppDepressao/Depressapp/system/Database/BaseConnection.php(666): CodeIgniter\Database\BaseConnection->simpleQuery()
#3 /media/gabriel/Dados/Projetos/AppDepressao/Depressapp/system/Database/BaseBuilder.php(1845): CodeIgniter\Database\BaseConnection->query()
#4 /media/gabriel/Dados/Projetos/AppDepressao/Depressapp/system/Model.php(489): CodeIgniter\Database\BaseBuilder->get()
#5 /media/gabriel/Dados/Projetos/AppDepressao/Depressapp/app/Controllers/Analise.php(79): CodeIgniter\Model->first()
#6 /media/gabriel/Dados/Projetos/AppDepressao/Depressapp/system/CodeIgniter.php(914): App\Controllers\Analise->View()
#7 /media/gabriel/Dados/Projetos/AppDepressao/Depressapp/system/CodeIgniter.php(400): CodeIgniter\CodeIgniter->runController()
#8 /media/gabriel/Dados/Projetos/AppDepressao/Depressapp/system/CodeIgniter.php(308): CodeIgniter\CodeIgniter->handleRequest()
#9 /media/gabriel/Dados/Projetos/AppDepressao/Depressapp/public/index.php(45): CodeIgniter\CodeIgniter->run()
#10 {main}
CRITICAL - 2020-06-28 15:38:51 --> Call to a member function asArray() on array
#0 /media/gabriel/Dados/Projetos/AppDepressao/Depressapp/system/CodeIgniter.php(914): App\Controllers\Analise->View()
#1 /media/gabriel/Dados/Projetos/AppDepressao/Depressapp/system/CodeIgniter.php(400): CodeIgniter\CodeIgniter->runController()
#2 /media/gabriel/Dados/Projetos/AppDepressao/Depressapp/system/CodeIgniter.php(308): CodeIgniter\CodeIgniter->handleRequest()
#3 /media/gabriel/Dados/Projetos/AppDepressao/Depressapp/public/index.php(45): CodeIgniter\CodeIgniter->run()
#4 {main}
CRITICAL - 2020-06-28 15:39:42 --> Call to a member function where() on array
#0 /media/gabriel/Dados/Projetos/AppDepressao/Depressapp/system/CodeIgniter.php(914): App\Controllers\Analise->View()
#1 /media/gabriel/Dados/Projetos/AppDepressao/Depressapp/system/CodeIgniter.php(400): CodeIgniter\CodeIgniter->runController()
#2 /media/gabriel/Dados/Projetos/AppDepressao/Depressapp/system/CodeIgniter.php(308): CodeIgniter\CodeIgniter->handleRequest()
#3 /media/gabriel/Dados/Projetos/AppDepressao/Depressapp/public/index.php(45): CodeIgniter\CodeIgniter->run()
#4 {main}
CRITICAL - 2020-06-28 15:40:23 --> Call to a member function asArray() on array
#0 /media/gabriel/Dados/Projetos/AppDepressao/Depressapp/system/CodeIgniter.php(914): App\Controllers\Analise->View()
#1 /media/gabriel/Dados/Projetos/AppDepressao/Depressapp/system/CodeIgniter.php(400): CodeIgniter\CodeIgniter->runController()
#2 /media/gabriel/Dados/Projetos/AppDepressao/Depressapp/system/CodeIgniter.php(308): CodeIgniter\CodeIgniter->handleRequest()
#3 /media/gabriel/Dados/Projetos/AppDepressao/Depressapp/public/index.php(45): CodeIgniter\CodeIgniter->run()
#4 {main}
CRITICAL - 2020-06-28 15:46:44 --> Undefined variable: enc_lista
#0 /media/gabriel/Dados/Projetos/AppDepressao/Depressapp/app/Views/Analise/View.php(3): CodeIgniter\Debug\Exceptions->errorHandler()
#1 /media/gabriel/Dados/Projetos/AppDepressao/Depressapp/system/View/View.php(246): include('/media/gabriel/...')
#2 /media/gabriel/Dados/Projetos/AppDepressao/Depressapp/system/Common.php(1087): CodeIgniter\View\View->render()
#3 /media/gabriel/Dados/Projetos/AppDepressao/Depressapp/app/Controllers/Analise.php(88): view()
#4 /media/gabriel/Dados/Projetos/AppDepressao/Depressapp/system/CodeIgniter.php(914): App\Controllers\Analise->View()
#5 /media/gabriel/Dados/Projetos/AppDepressao/Depressapp/system/CodeIgniter.php(400): CodeIgniter\CodeIgniter->runController()
#6 /media/gabriel/Dados/Projetos/AppDepressao/Depressapp/system/CodeIgniter.php(308): CodeIgniter\CodeIgniter->handleRequest()
#7 /media/gabriel/Dados/Projetos/AppDepressao/Depressapp/public/index.php(45): CodeIgniter\CodeIgniter->run()
#8 {main}
CRITICAL - 2020-06-28 15:47:26 --> Undefined variable: enc_lista
#0 /media/gabriel/Dados/Projetos/AppDepressao/Depressapp/app/Views/Analise/View.php(3): CodeIgniter\Debug\Exceptions->errorHandler()
#1 /media/gabriel/Dados/Projetos/AppDepressao/Depressapp/system/View/View.php(246): include('/media/gabriel/...')
#2 /media/gabriel/Dados/Projetos/AppDepressao/Depressapp/system/Common.php(1087): CodeIgniter\View\View->render()
#3 /media/gabriel/Dados/Projetos/AppDepressao/Depressapp/app/Controllers/Analise.php(88): view()
#4 /media/gabriel/Dados/Projetos/AppDepressao/Depressapp/system/CodeIgniter.php(914): App\Controllers\Analise->View()
#5 /media/gabriel/Dados/Projetos/AppDepressao/Depressapp/system/CodeIgniter.php(400): CodeIgniter\CodeIgniter->runController()
#6 /media/gabriel/Dados/Projetos/AppDepressao/Depressapp/system/CodeIgniter.php(308): CodeIgniter\CodeIgniter->handleRequest()
#7 /media/gabriel/Dados/Projetos/AppDepressao/Depressapp/public/index.php(45): CodeIgniter\CodeIgniter->run()
#8 {main}
CRITICAL - 2020-06-28 15:53:38 --> Undefined index: total
#0 /media/gabriel/Dados/Projetos/AppDepressao/Depressapp/app/Views/Analise/View.php(26): CodeIgniter\Debug\Exceptions->errorHandler()
#1 /media/gabriel/Dados/Projetos/AppDepressao/Depressapp/system/View/View.php(246): include('/media/gabriel/...')
#2 /media/gabriel/Dados/Projetos/AppDepressao/Depressapp/system/Common.php(1087): CodeIgniter\View\View->render()
#3 /media/gabriel/Dados/Projetos/AppDepressao/Depressapp/app/Controllers/Analise.php(101): view()
#4 /media/gabriel/Dados/Projetos/AppDepressao/Depressapp/system/CodeIgniter.php(914): App\Controllers\Analise->View()
#5 /media/gabriel/Dados/Projetos/AppDepressao/Depressapp/system/CodeIgniter.php(400): CodeIgniter\CodeIgniter->runController()
#6 /media/gabriel/Dados/Projetos/AppDepressao/Depressapp/system/CodeIgniter.php(308): CodeIgniter\CodeIgniter->handleRequest()
#7 /media/gabriel/Dados/Projetos/AppDepressao/Depressapp/public/index.php(45): CodeIgniter\CodeIgniter->run()
#8 {main}
