CRITICAL - 2020-06-14 12:45:15 --> Undefined variable: question_mode
#0 /media/gabriel/Dados/Projetos/AppDepressao/Depressapp/app/Views/Questionario/_pergunta.php(57): CodeIgniter\Debug\Exceptions->errorHandler()
#1 /media/gabriel/Dados/Projetos/AppDepressao/Depressapp/system/View/View.php(246): include('/media/gabriel/...')
#2 /media/gabriel/Dados/Projetos/AppDepressao/Depressapp/system/Common.php(1087): CodeIgniter\View\View->render()
#3 /media/gabriel/Dados/Projetos/AppDepressao/Depressapp/app/Controllers/Questionario.php(81): view()
#4 /media/gabriel/Dados/Projetos/AppDepressao/Depressapp/system/CodeIgniter.php(914): App\Controllers\Questionario->loadPergunta()
#5 /media/gabriel/Dados/Projetos/AppDepressao/Depressapp/system/CodeIgniter.php(400): CodeIgniter\CodeIgniter->runController()
#6 /media/gabriel/Dados/Projetos/AppDepressao/Depressapp/system/CodeIgniter.php(308): CodeIgniter\CodeIgniter->handleRequest()
#7 /media/gabriel/Dados/Projetos/AppDepressao/Depressapp/public/index.php(45): CodeIgniter\CodeIgniter->run()
#8 {main}
CRITICAL - 2020-06-14 12:45:22 --> Trying to get property 'has_justification' of non-object
#0 /media/gabriel/Dados/Projetos/AppDepressao/Depressapp/app/Controllers/Questionario.php(70): CodeIgniter\Debug\Exceptions->errorHandler()
#1 /media/gabriel/Dados/Projetos/AppDepressao/Depressapp/system/CodeIgniter.php(914): App\Controllers\Questionario->loadPergunta()
#2 /media/gabriel/Dados/Projetos/AppDepressao/Depressapp/system/CodeIgniter.php(400): CodeIgniter\CodeIgniter->runController()
#3 /media/gabriel/Dados/Projetos/AppDepressao/Depressapp/system/CodeIgniter.php(308): CodeIgniter\CodeIgniter->handleRequest()
#4 /media/gabriel/Dados/Projetos/AppDepressao/Depressapp/public/index.php(45): CodeIgniter\CodeIgniter->run()
#5 {main}
CRITICAL - 2020-06-14 12:46:05 --> Undefined variable: question_mode
#0 /media/gabriel/Dados/Projetos/AppDepressao/Depressapp/app/Views/Questionario/_pergunta.php(57): CodeIgniter\Debug\Exceptions->errorHandler()
#1 /media/gabriel/Dados/Projetos/AppDepressao/Depressapp/system/View/View.php(246): include('/media/gabriel/...')
#2 /media/gabriel/Dados/Projetos/AppDepressao/Depressapp/system/Common.php(1087): CodeIgniter\View\View->render()
#3 /media/gabriel/Dados/Projetos/AppDepressao/Depressapp/app/Controllers/Questionario.php(81): view()
#4 /media/gabriel/Dados/Projetos/AppDepressao/Depressapp/system/CodeIgniter.php(914): App\Controllers\Questionario->loadPergunta()
#5 /media/gabriel/Dados/Projetos/AppDepressao/Depressapp/system/CodeIgniter.php(400): CodeIgniter\CodeIgniter->runController()
#6 /media/gabriel/Dados/Projetos/AppDepressao/Depressapp/system/CodeIgniter.php(308): CodeIgniter\CodeIgniter->handleRequest()
#7 /media/gabriel/Dados/Projetos/AppDepressao/Depressapp/public/index.php(45): CodeIgniter\CodeIgniter->run()
#8 {main}
CRITICAL - 2020-06-14 12:46:09 --> Trying to get property 'has_justification' of non-object
#0 /media/gabriel/Dados/Projetos/AppDepressao/Depressapp/app/Controllers/Questionario.php(70): CodeIgniter\Debug\Exceptions->errorHandler()
#1 /media/gabriel/Dados/Projetos/AppDepressao/Depressapp/system/CodeIgniter.php(914): App\Controllers\Questionario->loadPergunta()
#2 /media/gabriel/Dados/Projetos/AppDepressao/Depressapp/system/CodeIgniter.php(400): CodeIgniter\CodeIgniter->runController()
#3 /media/gabriel/Dados/Projetos/AppDepressao/Depressapp/system/CodeIgniter.php(308): CodeIgniter\CodeIgniter->handleRequest()
#4 /media/gabriel/Dados/Projetos/AppDepressao/Depressapp/public/index.php(45): CodeIgniter\CodeIgniter->run()
#5 {main}
CRITICAL - 2020-06-14 12:46:56 --> Undefined variable: question_mode
#0 /media/gabriel/Dados/Projetos/AppDepressao/Depressapp/app/Views/Questionario/_pergunta.php(57): CodeIgniter\Debug\Exceptions->errorHandler()
#1 /media/gabriel/Dados/Projetos/AppDepressao/Depressapp/system/View/View.php(246): include('/media/gabriel/...')
#2 /media/gabriel/Dados/Projetos/AppDepressao/Depressapp/system/Common.php(1087): CodeIgniter\View\View->render()
#3 /media/gabriel/Dados/Projetos/AppDepressao/Depressapp/app/Controllers/Questionario.php(78): view()
#4 /media/gabriel/Dados/Projetos/AppDepressao/Depressapp/system/CodeIgniter.php(914): App\Controllers\Questionario->loadPergunta()
#5 /media/gabriel/Dados/Projetos/AppDepressao/Depressapp/system/CodeIgniter.php(400): CodeIgniter\CodeIgniter->runController()
#6 /media/gabriel/Dados/Projetos/AppDepressao/Depressapp/system/CodeIgniter.php(308): CodeIgniter\CodeIgniter->handleRequest()
#7 /media/gabriel/Dados/Projetos/AppDepressao/Depressapp/public/index.php(45): CodeIgniter\CodeIgniter->run()
#8 {main}
CRITICAL - 2020-06-14 13:11:53 --> Undefined index: justification
#0 /media/gabriel/Dados/Projetos/AppDepressao/Depressapp/app/Controllers/Questionario.php(117): CodeIgniter\Debug\Exceptions->errorHandler()
#1 /media/gabriel/Dados/Projetos/AppDepressao/Depressapp/system/CodeIgniter.php(914): App\Controllers\Questionario->SubmitQuestionario()
#2 /media/gabriel/Dados/Projetos/AppDepressao/Depressapp/system/CodeIgniter.php(400): CodeIgniter\CodeIgniter->runController()
#3 /media/gabriel/Dados/Projetos/AppDepressao/Depressapp/system/CodeIgniter.php(308): CodeIgniter\CodeIgniter->handleRequest()
#4 /media/gabriel/Dados/Projetos/AppDepressao/Depressapp/public/index.php(45): CodeIgniter\CodeIgniter->run()
#5 {main}
CRITICAL - 2020-06-14 15:02:51 --> syntax error, unexpected ';', expecting ',' or ')'
#0 C:\xampp\htdocs\AppDepressao\Depressapp\system\Autoloader\Autoloader.php(296): CodeIgniter\Autoloader\Autoloader->requireFile('C:\\xampp\\htdocs...')
#1 C:\xampp\htdocs\AppDepressao\Depressapp\system\Autoloader\Autoloader.php(258): CodeIgniter\Autoloader\Autoloader->loadInNamespace('App\\Controllers...')
#2 [internal function]: CodeIgniter\Autoloader\Autoloader->loadClass('App\\Controllers...')
#3 [internal function]: spl_autoload_call('App\\Controllers...')
#4 C:\xampp\htdocs\AppDepressao\Depressapp\system\CodeIgniter.php(865): class_exists('\\App\\Controller...', true)
#5 C:\xampp\htdocs\AppDepressao\Depressapp\system\CodeIgniter.php(390): CodeIgniter\CodeIgniter->startController()
#6 C:\xampp\htdocs\AppDepressao\Depressapp\system\CodeIgniter.php(308): CodeIgniter\CodeIgniter->handleRequest(NULL, Object(Config\Cache), false)
#7 C:\xampp\htdocs\AppDepressao\Depressapp\public\index.php(45): CodeIgniter\CodeIgniter->run()
#8 {main}
CRITICAL - 2020-06-14 16:43:07 --> 
#0 C:\xampp\htdocs\AppDepressao\Depressapp\system\HTTP\RedirectResponse.php(92): CodeIgniter\HTTP\Exceptions\HTTPException::forInvalidRedirectRoute('')
#1 C:\xampp\htdocs\AppDepressao\Depressapp\system\Common.php(813): CodeIgniter\HTTP\RedirectResponse->route(false)
#2 C:\xampp\htdocs\AppDepressao\Depressapp\app\Controllers\Account.php(16): redirect('Account::index')
#3 C:\xampp\htdocs\AppDepressao\Depressapp\system\CodeIgniter.php(914): App\Controllers\Account->login()
#4 C:\xampp\htdocs\AppDepressao\Depressapp\system\CodeIgniter.php(400): CodeIgniter\CodeIgniter->runController(Object(App\Controllers\Account))
#5 C:\xampp\htdocs\AppDepressao\Depressapp\system\CodeIgniter.php(308): CodeIgniter\CodeIgniter->handleRequest(NULL, Object(Config\Cache), false)
#6 C:\xampp\htdocs\AppDepressao\Depressapp\public\index.php(45): CodeIgniter\CodeIgniter->run()
#7 {main}
CRITICAL - 2020-06-14 16:44:08 --> 
#0 C:\xampp\htdocs\AppDepressao\Depressapp\system\HTTP\RedirectResponse.php(92): CodeIgniter\HTTP\Exceptions\HTTPException::forInvalidRedirectRoute('')
#1 C:\xampp\htdocs\AppDepressao\Depressapp\system\Common.php(813): CodeIgniter\HTTP\RedirectResponse->route(false)
#2 C:\xampp\htdocs\AppDepressao\Depressapp\app\Controllers\Account.php(16): redirect('Account/index')
#3 C:\xampp\htdocs\AppDepressao\Depressapp\system\CodeIgniter.php(914): App\Controllers\Account->login()
#4 C:\xampp\htdocs\AppDepressao\Depressapp\system\CodeIgniter.php(400): CodeIgniter\CodeIgniter->runController(Object(App\Controllers\Account))
#5 C:\xampp\htdocs\AppDepressao\Depressapp\system\CodeIgniter.php(308): CodeIgniter\CodeIgniter->handleRequest(NULL, Object(Config\Cache), false)
#6 C:\xampp\htdocs\AppDepressao\Depressapp\public\index.php(45): CodeIgniter\CodeIgniter->run()
#7 {main}
CRITICAL - 2020-06-14 16:45:44 --> Call to undefined method App\Models\MainQuestionsModel::RetornarUsuarioEmailSenha
#0 C:\xampp\htdocs\AppDepressao\Depressapp\app\Controllers\Account.php(24): CodeIgniter\Model->__call('RetornarUsuario...', Array)
#1 C:\xampp\htdocs\AppDepressao\Depressapp\system\CodeIgniter.php(914): App\Controllers\Account->login()
#2 C:\xampp\htdocs\AppDepressao\Depressapp\system\CodeIgniter.php(400): CodeIgniter\CodeIgniter->runController(Object(App\Controllers\Account))
#3 C:\xampp\htdocs\AppDepressao\Depressapp\system\CodeIgniter.php(308): CodeIgniter\CodeIgniter->handleRequest(NULL, Object(Config\Cache), false)
#4 C:\xampp\htdocs\AppDepressao\Depressapp\public\index.php(45): CodeIgniter\CodeIgniter->run()
#5 {main}
CRITICAL - 2020-06-14 16:50:49 --> Class 'CI_Model' not found
#0 [internal function]: CodeIgniter\Debug\Exceptions->shutdownHandler()
#1 {main}
CRITICAL - 2020-06-14 16:51:33 --> Class 'CI_Model' not found
#0 [internal function]: CodeIgniter\Debug\Exceptions->shutdownHandler()
#1 {main}
CRITICAL - 2020-06-14 16:52:33 --> Call to undefined method CodeIgniter\Database\MySQLi\Connection::where()
#0 C:\xampp\htdocs\AppDepressao\Depressapp\app\Controllers\Account.php(24): App\Models\UserModel->RetornarUsuarioEmailSenha('admin@appdepres...', 'admin')
#1 C:\xampp\htdocs\AppDepressao\Depressapp\system\CodeIgniter.php(914): App\Controllers\Account->login()
#2 C:\xampp\htdocs\AppDepressao\Depressapp\system\CodeIgniter.php(400): CodeIgniter\CodeIgniter->runController(Object(App\Controllers\Account))
#3 C:\xampp\htdocs\AppDepressao\Depressapp\system\CodeIgniter.php(308): CodeIgniter\CodeIgniter->handleRequest(NULL, Object(Config\Cache), false)
#4 C:\xampp\htdocs\AppDepressao\Depressapp\public\index.php(45): CodeIgniter\CodeIgniter->run()
#5 {main}
CRITICAL - 2020-06-14 17:01:37 --> Call to undefined method CodeIgniter\Database\MySQLi\Connection::where()
#0 C:\xampp\htdocs\AppDepressao\Depressapp\app\Controllers\Account.php(24): App\Models\UserModel->RetornarUsuarioEmailSenha('admin@appdepres...', 'admin')
#1 C:\xampp\htdocs\AppDepressao\Depressapp\system\CodeIgniter.php(914): App\Controllers\Account->login()
#2 C:\xampp\htdocs\AppDepressao\Depressapp\system\CodeIgniter.php(400): CodeIgniter\CodeIgniter->runController(Object(App\Controllers\Account))
#3 C:\xampp\htdocs\AppDepressao\Depressapp\system\CodeIgniter.php(308): CodeIgniter\CodeIgniter->handleRequest(NULL, Object(Config\Cache), false)
#4 C:\xampp\htdocs\AppDepressao\Depressapp\public\index.php(45): CodeIgniter\CodeIgniter->run()
#5 {main}
CRITICAL - 2020-06-14 17:04:58 --> Undefined variable: table
#0 C:\xampp\htdocs\AppDepressao\Depressapp\app\Models\UserModel.php(19): CodeIgniter\Debug\Exceptions->errorHandler(8, 'Undefined varia...', 'C:\\xampp\\htdocs...', 19, Array)
#1 C:\xampp\htdocs\AppDepressao\Depressapp\app\Controllers\Account.php(24): App\Models\UserModel->RetornarUsuarioEmailSenha('admin@appdepres...', 'admin')
#2 C:\xampp\htdocs\AppDepressao\Depressapp\system\CodeIgniter.php(914): App\Controllers\Account->login()
#3 C:\xampp\htdocs\AppDepressao\Depressapp\system\CodeIgniter.php(400): CodeIgniter\CodeIgniter->runController(Object(App\Controllers\Account))
#4 C:\xampp\htdocs\AppDepressao\Depressapp\system\CodeIgniter.php(308): CodeIgniter\CodeIgniter->handleRequest(NULL, Object(Config\Cache), false)
#5 C:\xampp\htdocs\AppDepressao\Depressapp\public\index.php(45): CodeIgniter\CodeIgniter->run()
#6 {main}
CRITICAL - 2020-06-14 17:05:25 --> Call to a member function where() on null
#0 C:\xampp\htdocs\AppDepressao\Depressapp\app\Controllers\Account.php(24): App\Models\UserModel->RetornarUsuarioEmailSenha('admin@appdepres...', 'admin')
#1 C:\xampp\htdocs\AppDepressao\Depressapp\system\CodeIgniter.php(914): App\Controllers\Account->login()
#2 C:\xampp\htdocs\AppDepressao\Depressapp\system\CodeIgniter.php(400): CodeIgniter\CodeIgniter->runController(Object(App\Controllers\Account))
#3 C:\xampp\htdocs\AppDepressao\Depressapp\system\CodeIgniter.php(308): CodeIgniter\CodeIgniter->handleRequest(NULL, Object(Config\Cache), false)
#4 C:\xampp\htdocs\AppDepressao\Depressapp\public\index.php(45): CodeIgniter\CodeIgniter->run()
#5 {main}
CRITICAL - 2020-06-14 17:17:46 --> Undefined variable: config
#0 C:\xampp\htdocs\AppDepressao\Depressapp\app\Controllers\Account.php(17): CodeIgniter\Debug\Exceptions->errorHandler(8, 'Undefined varia...', 'C:\\xampp\\htdocs...', 17, Array)
#1 C:\xampp\htdocs\AppDepressao\Depressapp\system\CodeIgniter.php(914): App\Controllers\Account->login()
#2 C:\xampp\htdocs\AppDepressao\Depressapp\system\CodeIgniter.php(400): CodeIgniter\CodeIgniter->runController(Object(App\Controllers\Account))
#3 C:\xampp\htdocs\AppDepressao\Depressapp\system\CodeIgniter.php(308): CodeIgniter\CodeIgniter->handleRequest(NULL, Object(Config\Cache), false)
#4 C:\xampp\htdocs\AppDepressao\Depressapp\public\index.php(45): CodeIgniter\CodeIgniter->run()
#5 {main}
CRITICAL - 2020-06-14 17:18:16 --> Undefined variable: config
#0 C:\xampp\htdocs\AppDepressao\Depressapp\app\Controllers\Account.php(18): CodeIgniter\Debug\Exceptions->errorHandler(8, 'Undefined varia...', 'C:\\xampp\\htdocs...', 18, Array)
#1 C:\xampp\htdocs\AppDepressao\Depressapp\system\CodeIgniter.php(914): App\Controllers\Account->login()
#2 C:\xampp\htdocs\AppDepressao\Depressapp\system\CodeIgniter.php(400): CodeIgniter\CodeIgniter->runController(Object(App\Controllers\Account))
#3 C:\xampp\htdocs\AppDepressao\Depressapp\system\CodeIgniter.php(308): CodeIgniter\CodeIgniter->handleRequest(NULL, Object(Config\Cache), false)
#4 C:\xampp\htdocs\AppDepressao\Depressapp\public\index.php(45): CodeIgniter\CodeIgniter->run()
#5 {main}
CRITICAL - 2020-06-14 17:19:43 --> Undefined variable: session
#0 C:\xampp\htdocs\AppDepressao\Depressapp\app\Views\_Layout.php(57): CodeIgniter\Debug\Exceptions->errorHandler(8, 'Undefined varia...', 'C:\\xampp\\htdocs...', 57, Array)
#1 C:\xampp\htdocs\AppDepressao\Depressapp\system\View\View.php(246): include('C:\\xampp\\htdocs...')
#2 C:\xampp\htdocs\AppDepressao\Depressapp\system\View\View.php(257): CodeIgniter\View\View->render('_Layout', Array, true)
#3 C:\xampp\htdocs\AppDepressao\Depressapp\system\Common.php(1087): CodeIgniter\View\View->render('Home/index', Array, true)
#4 C:\xampp\htdocs\AppDepressao\Depressapp\app\Controllers\Home.php(9): view('Home/index')
#5 C:\xampp\htdocs\AppDepressao\Depressapp\system\CodeIgniter.php(914): App\Controllers\Home->index()
#6 C:\xampp\htdocs\AppDepressao\Depressapp\system\CodeIgniter.php(400): CodeIgniter\CodeIgniter->runController(Object(App\Controllers\Home))
#7 C:\xampp\htdocs\AppDepressao\Depressapp\system\CodeIgniter.php(308): CodeIgniter\CodeIgniter->handleRequest(NULL, Object(Config\Cache), false)
#8 C:\xampp\htdocs\AppDepressao\Depressapp\public\index.php(45): CodeIgniter\CodeIgniter->run()
#9 {main}
CRITICAL - 2020-06-14 17:19:50 --> Undefined variable: session
#0 C:\xampp\htdocs\AppDepressao\Depressapp\app\Views\_Layout.php(57): CodeIgniter\Debug\Exceptions->errorHandler(8, 'Undefined varia...', 'C:\\xampp\\htdocs...', 57, Array)
#1 C:\xampp\htdocs\AppDepressao\Depressapp\system\View\View.php(246): include('C:\\xampp\\htdocs...')
#2 C:\xampp\htdocs\AppDepressao\Depressapp\system\View\View.php(257): CodeIgniter\View\View->render('_Layout', Array, true)
#3 C:\xampp\htdocs\AppDepressao\Depressapp\system\Common.php(1087): CodeIgniter\View\View->render('Home/index', Array, true)
#4 C:\xampp\htdocs\AppDepressao\Depressapp\app\Controllers\Home.php(9): view('Home/index')
#5 C:\xampp\htdocs\AppDepressao\Depressapp\system\CodeIgniter.php(914): App\Controllers\Home->index()
#6 C:\xampp\htdocs\AppDepressao\Depressapp\system\CodeIgniter.php(400): CodeIgniter\CodeIgniter->runController(Object(App\Controllers\Home))
#7 C:\xampp\htdocs\AppDepressao\Depressapp\system\CodeIgniter.php(308): CodeIgniter\CodeIgniter->handleRequest(NULL, Object(Config\Cache), false)
#8 C:\xampp\htdocs\AppDepressao\Depressapp\public\index.php(45): CodeIgniter\CodeIgniter->run()
#9 {main}
CRITICAL - 2020-06-14 17:20:57 --> Undefined variable: session
#0 C:\xampp\htdocs\AppDepressao\Depressapp\app\Views\_Layout.php(57): CodeIgniter\Debug\Exceptions->errorHandler(8, 'Undefined varia...', 'C:\\xampp\\htdocs...', 57, Array)
#1 C:\xampp\htdocs\AppDepressao\Depressapp\system\View\View.php(246): include('C:\\xampp\\htdocs...')
#2 C:\xampp\htdocs\AppDepressao\Depressapp\system\View\View.php(257): CodeIgniter\View\View->render('_Layout', Array, true)
#3 C:\xampp\htdocs\AppDepressao\Depressapp\system\Common.php(1087): CodeIgniter\View\View->render('Home/index', Array, true)
#4 C:\xampp\htdocs\AppDepressao\Depressapp\app\Controllers\Home.php(9): view('Home/index')
#5 C:\xampp\htdocs\AppDepressao\Depressapp\system\CodeIgniter.php(914): App\Controllers\Home->index()
#6 C:\xampp\htdocs\AppDepressao\Depressapp\system\CodeIgniter.php(400): CodeIgniter\CodeIgniter->runController(Object(App\Controllers\Home))
#7 C:\xampp\htdocs\AppDepressao\Depressapp\system\CodeIgniter.php(308): CodeIgniter\CodeIgniter->handleRequest(NULL, Object(Config\Cache), false)
#8 C:\xampp\htdocs\AppDepressao\Depressapp\public\index.php(45): CodeIgniter\CodeIgniter->run()
#9 {main}
CRITICAL - 2020-06-14 17:21:58 --> Undefined variable: _SESSION
#0 C:\xampp\htdocs\AppDepressao\Depressapp\app\Views\_Layout.php(57): CodeIgniter\Debug\Exceptions->errorHandler(8, 'Undefined varia...', 'C:\\xampp\\htdocs...', 57, Array)
#1 C:\xampp\htdocs\AppDepressao\Depressapp\system\View\View.php(246): include('C:\\xampp\\htdocs...')
#2 C:\xampp\htdocs\AppDepressao\Depressapp\system\View\View.php(257): CodeIgniter\View\View->render('_Layout', Array, true)
#3 C:\xampp\htdocs\AppDepressao\Depressapp\system\Common.php(1087): CodeIgniter\View\View->render('Home/index', Array, true)
#4 C:\xampp\htdocs\AppDepressao\Depressapp\app\Controllers\Home.php(9): view('Home/index')
#5 C:\xampp\htdocs\AppDepressao\Depressapp\system\CodeIgniter.php(914): App\Controllers\Home->index()
#6 C:\xampp\htdocs\AppDepressao\Depressapp\system\CodeIgniter.php(400): CodeIgniter\CodeIgniter->runController(Object(App\Controllers\Home))
#7 C:\xampp\htdocs\AppDepressao\Depressapp\system\CodeIgniter.php(308): CodeIgniter\CodeIgniter->handleRequest(NULL, Object(Config\Cache), false)
#8 C:\xampp\htdocs\AppDepressao\Depressapp\public\index.php(45): CodeIgniter\CodeIgniter->run()
#9 {main}
CRITICAL - 2020-06-14 17:23:05 --> Undefined property: CodeIgniter\View\View::$session
#0 C:\xampp\htdocs\AppDepressao\Depressapp\app\Views\_Layout.php(57): CodeIgniter\Debug\Exceptions->errorHandler(8, 'Undefined prope...', 'C:\\xampp\\htdocs...', 57, Array)
#1 C:\xampp\htdocs\AppDepressao\Depressapp\system\View\View.php(246): include('C:\\xampp\\htdocs...')
#2 C:\xampp\htdocs\AppDepressao\Depressapp\system\View\View.php(257): CodeIgniter\View\View->render('_Layout', Array, true)
#3 C:\xampp\htdocs\AppDepressao\Depressapp\system\Common.php(1087): CodeIgniter\View\View->render('Home/index', Array, true)
#4 C:\xampp\htdocs\AppDepressao\Depressapp\app\Controllers\Home.php(9): view('Home/index')
#5 C:\xampp\htdocs\AppDepressao\Depressapp\system\CodeIgniter.php(914): App\Controllers\Home->index()
#6 C:\xampp\htdocs\AppDepressao\Depressapp\system\CodeIgniter.php(400): CodeIgniter\CodeIgniter->runController(Object(App\Controllers\Home))
#7 C:\xampp\htdocs\AppDepressao\Depressapp\system\CodeIgniter.php(308): CodeIgniter\CodeIgniter->handleRequest(NULL, Object(Config\Cache), false)
#8 C:\xampp\htdocs\AppDepressao\Depressapp\public\index.php(45): CodeIgniter\CodeIgniter->run()
#9 {main}
CRITICAL - 2020-06-14 17:24:29 --> Undefined property: App\Controllers\Account::$session
#0 C:\xampp\htdocs\AppDepressao\Depressapp\app\Controllers\Account.php(29): CodeIgniter\Debug\Exceptions->errorHandler(8, 'Undefined prope...', 'C:\\xampp\\htdocs...', 29, Array)
#1 C:\xampp\htdocs\AppDepressao\Depressapp\system\CodeIgniter.php(914): App\Controllers\Account->login()
#2 C:\xampp\htdocs\AppDepressao\Depressapp\system\CodeIgniter.php(400): CodeIgniter\CodeIgniter->runController(Object(App\Controllers\Account))
#3 C:\xampp\htdocs\AppDepressao\Depressapp\system\CodeIgniter.php(308): CodeIgniter\CodeIgniter->handleRequest(NULL, Object(Config\Cache), false)
#4 C:\xampp\htdocs\AppDepressao\Depressapp\public\index.php(45): CodeIgniter\CodeIgniter->run()
#5 {main}
CRITICAL - 2020-06-14 17:27:24 --> Undefined property: CodeIgniter\View\View::$session
#0 C:\xampp\htdocs\AppDepressao\Depressapp\app\Views\_Layout.php(57): CodeIgniter\Debug\Exceptions->errorHandler(8, 'Undefined prope...', 'C:\\xampp\\htdocs...', 57, Array)
#1 C:\xampp\htdocs\AppDepressao\Depressapp\system\View\View.php(246): include('C:\\xampp\\htdocs...')
#2 C:\xampp\htdocs\AppDepressao\Depressapp\system\View\View.php(257): CodeIgniter\View\View->render('_Layout', Array, true)
#3 C:\xampp\htdocs\AppDepressao\Depressapp\system\Common.php(1087): CodeIgniter\View\View->render('Home/index', Array, true)
#4 C:\xampp\htdocs\AppDepressao\Depressapp\app\Controllers\Home.php(9): view('Home/index')
#5 C:\xampp\htdocs\AppDepressao\Depressapp\system\CodeIgniter.php(914): App\Controllers\Home->index()
#6 C:\xampp\htdocs\AppDepressao\Depressapp\system\CodeIgniter.php(400): CodeIgniter\CodeIgniter->runController(Object(App\Controllers\Home))
#7 C:\xampp\htdocs\AppDepressao\Depressapp\system\CodeIgniter.php(308): CodeIgniter\CodeIgniter->handleRequest(NULL, Object(Config\Cache), false)
#8 C:\xampp\htdocs\AppDepressao\Depressapp\public\index.php(45): CodeIgniter\CodeIgniter->run()
#9 {main}
